This is pdfTeX, Version 3.14159265-2.6-1.40.18 (TeX Live 2017) (preloaded format=pdflatex 2017.12.11)  4 SEP 2018 21:14
entering extended mode
 restricted \write18 enabled.
 file:line:error style messages enabled.
 %&-line parsing enabled.
**Documentazione.tex
(./Documentazione.tex
LaTeX2e <2017-04-15>
Babel <3.10> and hyphenation patterns for 84 language(s) loaded.
(/usr/local/texlive/2017/texmf-dist/tex/latex/base/book.cls
Document Class: book 2014/09/29 v1.4h Standard LaTeX document class
(/usr/local/texlive/2017/texmf-dist/tex/latex/base/bk10.clo
File: bk10.clo 2014/09/29 v1.4h Standard LaTeX file (size option)
)
\c@part=\count79
\c@chapter=\count80
\c@section=\count81
\c@subsection=\count82
\c@subsubsection=\count83
\c@paragraph=\count84
\c@subparagraph=\count85
\c@figure=\count86
\c@table=\count87
\abovecaptionskip=\skip41
\belowcaptionskip=\skip42
\bibindent=\dimen102
) (./ConfigurationFile/Book/config.sty (/usr/local/texlive/2017/texmf-dist/tex/latex/amsmath/amsmath.sty
Package: amsmath 2016/11/05 v2.16a AMS math features
\@mathmargin=\skip43

For additional information on amsmath, use the `?' option.
(/usr/local/texlive/2017/texmf-dist/tex/latex/amsmath/amstext.sty
Package: amstext 2000/06/29 v2.01 AMS text
 (/usr/local/texlive/2017/texmf-dist/tex/latex/amsmath/amsgen.sty
File: amsgen.sty 1999/11/30 v2.0 generic functions
\@emptytoks=\toks14
\ex@=\dimen103
)) (/usr/local/texlive/2017/texmf-dist/tex/latex/amsmath/amsbsy.sty
Package: amsbsy 1999/11/29 v1.2d Bold Symbols
\pmbraise@=\dimen104
) (/usr/local/texlive/2017/texmf-dist/tex/latex/amsmath/amsopn.sty
Package: amsopn 2016/03/08 v2.02 operator names
)
\inf@bad=\count88
LaTeX Info: Redefining \frac on input line 213.
\uproot@=\count89
\leftroot@=\count90
LaTeX Info: Redefining \overline on input line 375.
\classnum@=\count91
\DOTSCASE@=\count92
LaTeX Info: Redefining \ldots on input line 472.
LaTeX Info: Redefining \dots on input line 475.
LaTeX Info: Redefining \cdots on input line 596.
\Mathstrutbox@=\box26
\strutbox@=\box27
\big@size=\dimen105
LaTeX Font Info:    Redeclaring font encoding OML on input line 712.
LaTeX Font Info:    Redeclaring font encoding OMS on input line 713.
\macc@depth=\count93
\c@MaxMatrixCols=\count94
\dotsspace@=\muskip10
\c@parentequation=\count95
\dspbrk@lvl=\count96
\tag@help=\toks15
\row@=\count97
\column@=\count98
\maxfields@=\count99
\andhelp@=\toks16
\eqnshift@=\dimen106
\alignsep@=\dimen107
\tagshift@=\dimen108
\tagwidth@=\dimen109
\totwidth@=\dimen110
\lineht@=\dimen111
\@envbody=\toks17
\multlinegap=\skip44
\multlinetaggap=\skip45
\mathdisplay@stack=\toks18
LaTeX Info: Redefining \[ on input line 2817.
LaTeX Info: Redefining \] on input line 2818.
) (/usr/local/texlive/2017/texmf-dist/tex/latex/siunitx/siunitx.sty (/usr/local/texlive/2017/texmf-dist/tex/latex/l3kernel/expl3.sty
Package: expl3 2017/05/13 L3 programming layer (loader) 
 (/usr/local/texlive/2017/texmf-dist/tex/latex/l3kernel/expl3-code.tex
Package: expl3 2017/05/13 L3 programming layer (code)
\c_max_int=\count100
\l_tmpa_int=\count101
\l_tmpb_int=\count102
\g_tmpa_int=\count103
\g_tmpb_int=\count104
\g__prg_map_int=\count105
\c_log_iow=\count106
\l_iow_line_count_int=\count107
\l__iow_line_target_int=\count108
\l__iow_one_indent_int=\count109
\l__iow_indent_int=\count110
\c_zero_dim=\dimen112
\c_max_dim=\dimen113
\l_tmpa_dim=\dimen114
\l_tmpb_dim=\dimen115
\g_tmpa_dim=\dimen116
\g_tmpb_dim=\dimen117
\c_zero_skip=\skip46
\c_max_skip=\skip47
\l_tmpa_skip=\skip48
\l_tmpb_skip=\skip49
\g_tmpa_skip=\skip50
\g_tmpb_skip=\skip51
\c_zero_muskip=\muskip11
\c_max_muskip=\muskip12
\l_tmpa_muskip=\muskip13
\l_tmpb_muskip=\muskip14
\g_tmpa_muskip=\muskip15
\g_tmpb_muskip=\muskip16
\l_keys_choice_int=\count111
\c__fp_leading_shift_int=\count112
\c__fp_middle_shift_int=\count113
\c__fp_trailing_shift_int=\count114
\c__fp_big_leading_shift_int=\count115
\c__fp_big_middle_shift_int=\count116
\c__fp_big_trailing_shift_int=\count117
\c__fp_Bigg_leading_shift_int=\count118
\c__fp_Bigg_middle_shift_int=\count119
\c__fp_Bigg_trailing_shift_int=\count120
\c__fp_rand_size_int=\count121
\c__fp_rand_four_int=\count122
\c__fp_rand_eight_int=\count123
\l__sort_length_int=\count124
\l__sort_min_int=\count125
\l__sort_top_int=\count126
\l__sort_max_int=\count127
\l__sort_true_max_int=\count128
\l__sort_block_int=\count129
\l__sort_begin_int=\count130
\l__sort_end_int=\count131
\l__sort_A_int=\count132
\l__sort_B_int=\count133
\l__sort_C_int=\count134
\c_empty_box=\box28
\l_tmpa_box=\box29
\l_tmpb_box=\box30
\g_tmpa_box=\box31
\g_tmpb_box=\box32
\l__box_top_dim=\dimen118
\l__box_bottom_dim=\dimen119
\l__box_left_dim=\dimen120
\l__box_right_dim=\dimen121
\l__box_top_new_dim=\dimen122
\l__box_bottom_new_dim=\dimen123
\l__box_left_new_dim=\dimen124
\l__box_right_new_dim=\dimen125
\l__box_internal_box=\box33
\l__coffin_internal_box=\box34
\l__coffin_internal_dim=\dimen126
\l__coffin_offset_x_dim=\dimen127
\l__coffin_offset_y_dim=\dimen128
\l__coffin_x_dim=\dimen129
\l__coffin_y_dim=\dimen130
\l__coffin_x_prime_dim=\dimen131
\l__coffin_y_prime_dim=\dimen132
\c_empty_coffin=\box35
\l__coffin_aligned_coffin=\box36
\l__coffin_aligned_internal_coffin=\box37
\l_tmpa_coffin=\box38
\l_tmpb_coffin=\box39
\l__coffin_display_coffin=\box40
\l__coffin_display_coord_coffin=\box41
\l__coffin_display_pole_coffin=\box42
\l__coffin_display_offset_dim=\dimen133
\l__coffin_display_x_dim=\dimen134
\l__coffin_display_y_dim=\dimen135
\l__coffin_bounding_shift_dim=\dimen136
\l__coffin_left_corner_dim=\dimen137
\l__coffin_right_corner_dim=\dimen138
\l__coffin_bottom_corner_dim=\dimen139
\l__coffin_top_corner_dim=\dimen140
\l__coffin_scaled_total_height_dim=\dimen141
\l__coffin_scaled_width_dim=\dimen142
) (/usr/local/texlive/2017/texmf-dist/tex/latex/l3kernel/l3pdfmode.def
File: l3pdfmode.def 2017/03/18 v L3 Experimental driver: PDF mode
\l__driver_color_stack_int=\count135
\l__driver_tmp_box=\box43
)) (/usr/local/texlive/2017/texmf-dist/tex/latex/l3packages/xparse/xparse.sty
Package: xparse 2017/05/13 L3 Experimental document command parser
\l__xparse_current_arg_int=\count136
\g__xparse_grabber_int=\count137
\l__xparse_m_args_int=\count138
\l__xparse_mandatory_args_int=\count139
\l__xparse_v_nesting_int=\count140
)
Package: siunitx 2017/05/19 v2.7g A comprehensive (SI) units package
 (/usr/local/texlive/2017/texmf-dist/tex/latex/tools/array.sty
Package: array 2016/10/06 v2.4d Tabular extension package (FMi)
\col@sep=\dimen143
\extrarowheight=\dimen144
\NC@list=\toks19
\extratabsurround=\skip52
\backup@length=\skip53
) (/usr/local/texlive/2017/texmf-dist/tex/latex/l3packages/l3keys2e/l3keys2e.sty
Package: l3keys2e 2017/05/13 LaTeX2e option processing using LaTeX3 keys
)
\l__siunitx_tmp_box=\box44
\l__siunitx_tmp_dim=\dimen145
\l__siunitx_tmp_int=\count141
\l__siunitx_number_mantissa_length_int=\count142
\l__siunitx_number_uncert_length_int=\count143
\l__siunitx_round_int=\count144
\l__siunitx_process_decimal_int=\count145
\l__siunitx_process_uncertainty_int=\count146
\l__siunitx_process_fixed_int=\count147
\l__siunitx_process_integer_min_int=\count148
\l__siunitx_process_precision_int=\count149
\l__siunitx_group_min_int=\count150
\l__siunitx_angle_marker_box=\box45
\l__siunitx_angle_unit_box=\box46
\l__siunitx_angle_marker_dim=\dimen146
\l__siunitx_angle_unit_dim=\dimen147
\l__siunitx_unit_int=\count151
\l__siunitx_unit_denominator_int=\count152
\l__siunitx_unit_numerator_int=\count153
\l__siunitx_unit_prefix_int=\count154
\l__siunitx_unit_prefix_base_int=\count155
\l__siunitx_unit_prefix_gram_int=\count156
\l__siunitx_number_product_int=\count157
\c__siunitx_one_fill_skip=\skip54
\l__siunitx_table_unit_align_skip=\skip55
\l__siunitx_table_exponent_dim=\dimen148
\l__siunitx_table_integer_dim=\dimen149
\l__siunitx_table_mantissa_dim=\dimen150
\l__siunitx_table_marker_dim=\dimen151
\l__siunitx_table_result_dim=\dimen152
\l__siunitx_table_uncert_dim=\dimen153
\l__siunitx_table_fill_pre_dim=\dimen154
\l__siunitx_table_fill_post_dim=\dimen155
\l__siunitx_table_fill_mid_dim=\dimen156
\l__siunitx_table_pre_box=\box47
\l__siunitx_table_post_box=\box48
\l__siunitx_table_mantissa_box=\box49
\l__siunitx_table_result_box=\box50
\l__siunitx_table_number_align_skip=\skip56
\l__siunitx_table_text_align_skip=\skip57
.................................................
. LaTeX info: "xparse/define-command"
. 
. Defining command \DeclareBinaryPrefix with sig. 'mmm' on line 7251.
.................................................
.................................................
. LaTeX info: "xparse/define-command"
. 
. Defining command \DeclareSIPostPower with sig. 'mm' on line 7254.
.................................................
.................................................
. LaTeX info: "xparse/define-command"
. 
. Defining command \DeclareSIPrefix with sig. 'mmm' on line 7257.
.................................................
.................................................
. LaTeX info: "xparse/define-command"
. 
. Defining command \DeclareSIPrePower with sig. 'mm' on line 7260.
.................................................
.................................................
. LaTeX info: "xparse/define-command"
. 
. Defining command \DeclareSIQualifier with sig. 'mm' on line 7263.
.................................................
.................................................
. LaTeX info: "xparse/define-command"
. 
. Defining command \DeclareSIUnit with sig. 'O{}mm' on line 7266.
.................................................
.................................................
. LaTeX info: "xparse/define-command"
. 
. Defining command \DeclareSIUnitWithOptions with sig. 'mmm' on line 7269.
.................................................
.................................................
. LaTeX info: "xparse/define-command"
. 
. Defining command \ang with sig. 'o>{\SplitArgument {2}{;}}m' on line 7284.
.................................................
.................................................
. LaTeX info: "xparse/define-command"
. 
. Defining command \num with sig. 'om' on line 7293.
.................................................
.................................................
. LaTeX info: "xparse/define-command"
. 
. Defining command \numlist with sig. 'o>{\SplitList {;}}m' on line 7302.
.................................................
.................................................
. LaTeX info: "xparse/define-command"
. 
. Defining command \numrange with sig. 'omm' on line 7311.
.................................................
.................................................
. LaTeX info: "xparse/define-command"
. 
. Defining command \SIlist with sig. 'o>{\SplitList {;}}mm' on line 7323.
.................................................
.................................................
. LaTeX info: "xparse/define-command"
. 
. Defining command \SIrange with sig. 'ommm' on line 7335.
.................................................
.................................................
. LaTeX info: "xparse/define-command"
. 
. Defining command \SI with sig. 'omom' on line 7347.
.................................................
.................................................
. LaTeX info: "xparse/define-command"
. 
. Defining command \sisetup with sig. 'm' on line 7350.
.................................................
.................................................
. LaTeX info: "xparse/define-command"
. 
. Defining command \tablenum with sig. 'om' on line 7365.
.................................................
.................................................
. LaTeX info: "xparse/define-command"
. 
. Defining command \si with sig. 'om' on line 7377.
.................................................
.................................................
. LaTeX info: "xparse/define-command"
. 
. Defining command \numInBookmark with sig. 'om' on line 7424.
.................................................
.................................................
. LaTeX info: "xparse/define-command"
. 
. Defining command \numrangeInBookmark with sig. 'omm' on line 7426.
.................................................
.................................................
. LaTeX info: "xparse/define-command"
. 
. Defining command \SIInBookmark with sig. 'omom' on line 7428.
.................................................
.................................................
. LaTeX info: "xparse/define-command"
. 
. Defining command \SIlistInBookmark with sig. 'omm' on line 7430.
.................................................
.................................................
. LaTeX info: "xparse/define-command"
. 
. Defining command \SIrangeInBookmark with sig. 'ommm' on line 7432.
.................................................
.................................................
. LaTeX info: "xparse/define-command"
. 
. Defining command \siInBookmark with sig. 'om' on line 7433.
.................................................
\g__file_internal_ior=\read1
 (/usr/local/texlive/2017/texmf-dist/tex/latex/beamer/translator/translator.sty
Package: translator 2010/06/12 ver 1.10
 (/usr/local/texlive/2017/texmf-dist/tex/latex/graphics/keyval.sty
Package: keyval 2014/10/28 v1.15 key=value parser (DPC)
\KV@toks@=\toks20
) (/usr/local/texlive/2017/texmf-dist/tex/latex/beamer/translator/translator-language-mappings.tex))) (/usr/local/texlive/2017/texmf-dist/tex/latex/amsfonts/amssymb.sty
Package: amssymb 2013/01/14 v3.01 AMS font symbols
 (/usr/local/texlive/2017/texmf-dist/tex/latex/amsfonts/amsfonts.sty
Package: amsfonts 2013/01/14 v3.01 Basic AMSFonts support
\symAMSa=\mathgroup4
\symAMSb=\mathgroup5
LaTeX Font Info:    Overwriting math alphabet `\mathfrak' in version `bold'
(Font)                  U/euf/m/n --> U/euf/b/n on input line 106.
)) (/usr/local/texlive/2017/texmf-dist/tex/latex/amscls/amsthm.sty
Package: amsthm 2015/03/04 v2.20.2
\thm@style=\toks21
\thm@bodyfont=\toks22
\thm@headfont=\toks23
\thm@notefont=\toks24
\thm@headpunct=\toks25
\thm@preskip=\skip58
\thm@postskip=\skip59
\thm@headsep=\skip60
\dth@everypar=\toks26
) (/usr/local/texlive/2017/texmf-dist/tex/generic/babel/babel.sty
Package: babel 2017/05/19 3.10 The Babel package
 (/usr/local/texlive/2017/texmf-dist/tex/generic/babel-italian/italian.ldf
Language: italian 2015/03/26 v1.3n Italian support from the babel system
 (/usr/local/texlive/2017/texmf-dist/tex/generic/babel/babel.def
File: babel.def 2017/05/19 3.10 Babel common definitions
\babel@savecnt=\count158
\U@D=\dimen157
)
\it@lettering=\count159
\it@doublequoteactive=\count160
\it@ISOcompliance=\count161
)) (/usr/local/texlive/2017/texmf-dist/tex/latex/etoolbox/etoolbox.sty
Package: etoolbox 2017/01/02 v2.4 e-TeX tools for LaTeX (JAW)
\etb@tempcnta=\count162
) (/usr/local/texlive/2017/texmf-dist/tex/latex/booktabs/booktabs.sty
Package: booktabs 2016/04/27 v1.618033 publication quality tables
\heavyrulewidth=\dimen158
\lightrulewidth=\dimen159
\cmidrulewidth=\dimen160
\belowrulesep=\dimen161
\belowbottomsep=\dimen162
\aboverulesep=\dimen163
\abovetopsep=\dimen164
\cmidrulesep=\dimen165
\cmidrulekern=\dimen166
\defaultaddspace=\dimen167
\@cmidla=\count163
\@cmidlb=\count164
\@aboverulesep=\dimen168
\@belowrulesep=\dimen169
\@thisruleclass=\count165
\@lastruleclass=\count166
\@thisrulewidth=\dimen170
) (/usr/local/texlive/2017/texmf-dist/tex/latex/caption/caption.sty
Package: caption 2016/02/21 v3.3-144 Customizing captions (AR)
 (/usr/local/texlive/2017/texmf-dist/tex/latex/caption/caption3.sty
Package: caption3 2016/05/22 v1.7-166 caption3 kernel (AR)
Package caption3 Info: TeX engine: e-TeX on input line 67.
\captionmargin=\dimen171
\captionmargin@=\dimen172
\captionwidth=\dimen173
\caption@tempdima=\dimen174
\caption@indent=\dimen175
\caption@parindent=\dimen176
\caption@hangindent=\dimen177
)
\c@ContinuedFloat=\count167
) (/usr/local/texlive/2017/texmf-dist/tex/latex/changepage/chngpage.sty
Package: chngpage 2009/10/20 v1.2b change page layout
\c@cp@cnt=\count168
\c@cp@tempcnt=\count169
) (/usr/local/texlive/2017/texmf-dist/tex/latex/eurosym/eurosym.sty
Package: eurosym 1998/08/06 v1.1 European currency symbol ``Euro''
\@eurobox=\box51
) (/usr/local/texlive/2017/texmf-dist/tex/latex/float/float.sty
Package: float 2001/11/08 v1.3d Float enhancements (AL)
\c@float@type=\count170
\float@exts=\toks27
\float@box=\box52
\@float@everytoks=\toks28
\@floatcapt=\box53
) (/usr/local/texlive/2017/texmf-dist/tex/latex/base/fontenc.sty
Package: fontenc 2017/04/05 v2.0i Standard LaTeX package
 (/usr/local/texlive/2017/texmf-dist/tex/latex/base/t1enc.def
File: t1enc.def 2017/04/05 v2.0i Standard LaTeX file
LaTeX Font Info:    Redeclaring font encoding T1 on input line 48.
))
(/usr/local/texlive/2017/texmf-dist/tex/latex/graphics/graphicx.sty
Package: graphicx 2014/10/28 v1.0g Enhanced LaTeX Graphics (DPC,SPQR)
 (/usr/local/texlive/2017/texmf-dist/tex/latex/graphics/graphics.sty
Package: graphics 2017/04/14 v1.1b Standard LaTeX Graphics (DPC,SPQR)
 (/usr/local/texlive/2017/texmf-dist/tex/latex/graphics/trig.sty
Package: trig 2016/01/03 v1.10 sin cos tan (DPC)
) (/usr/local/texlive/2017/texmf-dist/tex/latex/graphics-cfg/graphics.cfg
File: graphics.cfg 2016/06/04 v1.11 sample graphics configuration
)
Package graphics Info: Driver file: pdftex.def on input line 99.
 (/usr/local/texlive/2017/texmf-dist/tex/latex/graphics-def/pdftex.def
File: pdftex.def 2017/01/12 v0.06k Graphics/color for pdfTeX
 (/usr/local/texlive/2017/texmf-dist/tex/generic/oberdiek/infwarerr.sty
Package: infwarerr 2016/05/16 v1.4 Providing info/warning/error messages (HO)
) (/usr/local/texlive/2017/texmf-dist/tex/generic/oberdiek/ltxcmds.sty
Package: ltxcmds 2016/05/16 v1.23 LaTeX kernel commands for general use (HO)
)
\Gread@gobject=\count171
))
\Gin@req@height=\dimen178
\Gin@req@width=\dimen179
) (/usr/local/texlive/2017/texmf-dist/tex/latex/hyperref/hyperref.sty
Package: hyperref 2017/03/14 v6.85a Hypertext links for LaTeX
 (/usr/local/texlive/2017/texmf-dist/tex/generic/oberdiek/hobsub-hyperref.sty
Package: hobsub-hyperref 2016/05/16 v1.14 Bundle oberdiek, subset hyperref (HO)
 (/usr/local/texlive/2017/texmf-dist/tex/generic/oberdiek/hobsub-generic.sty
Package: hobsub-generic 2016/05/16 v1.14 Bundle oberdiek, subset generic (HO)
Package: hobsub 2016/05/16 v1.14 Construct package bundles (HO)
Package hobsub Info: Skipping package `infwarerr' (already loaded).
Package hobsub Info: Skipping package `ltxcmds' (already loaded).
Package: ifluatex 2016/05/16 v1.4 Provides the ifluatex switch (HO)
Package ifluatex Info: LuaTeX not detected.
Package: ifvtex 2016/05/16 v1.6 Detect VTeX and its facilities (HO)
Package ifvtex Info: VTeX not detected.
Package: intcalc 2016/05/16 v1.2 Expandable calculations with integers (HO)
Package: ifpdf 2017/03/15 v3.2 Provides the ifpdf switch
Package: etexcmds 2016/05/16 v1.6 Avoid name clashes with e-TeX commands (HO)
Package etexcmds Info: Could not find \expanded.
(etexcmds)             That can mean that you are not using pdfTeX 1.50 or
(etexcmds)             that some package has redefined \expanded.
(etexcmds)             In the latter case, load this package earlier.
Package: kvsetkeys 2016/05/16 v1.17 Key value parser (HO)
Package: kvdefinekeys 2016/05/16 v1.4 Define keys (HO)
Package: pdftexcmds 2017/03/19 v0.25 Utility functions of pdfTeX for LuaTeX (HO)
Package pdftexcmds Info: LuaTeX not detected.
Package pdftexcmds Info: \pdf@primitive is available.
Package pdftexcmds Info: \pdf@ifprimitive is available.
Package pdftexcmds Info: \pdfdraftmode found.
Package: pdfescape 2016/05/16 v1.14 Implements pdfTeX's escape features (HO)
Package: bigintcalc 2016/05/16 v1.4 Expandable calculations on big integers (HO)
Package: bitset 2016/05/16 v1.2 Handle bit-vector datatype (HO)
Package: uniquecounter 2016/05/16 v1.3 Provide unlimited unique counter (HO)
)
Package hobsub Info: Skipping package `hobsub' (already loaded).
Package: letltxmacro 2016/05/16 v1.5 Let assignment for LaTeX macros (HO)
Package: hopatch 2016/05/16 v1.3 Wrapper for package hooks (HO)
Package: xcolor-patch 2016/05/16 xcolor patch
Package: atveryend 2016/05/16 v1.9 Hooks at the very end of document (HO)
Package: atbegshi 2016/06/09 v1.18 At begin shipout hook (HO)
Package: refcount 2016/05/16 v3.5 Data extraction from label references (HO)
Package: hycolor 2016/05/16 v1.8 Color options for hyperref/bookmark (HO)
) (/usr/local/texlive/2017/texmf-dist/tex/generic/ifxetex/ifxetex.sty
Package: ifxetex 2010/09/12 v0.6 Provides ifxetex conditional
) (/usr/local/texlive/2017/texmf-dist/tex/latex/oberdiek/auxhook.sty
Package: auxhook 2016/05/16 v1.4 Hooks for auxiliary files (HO)
) (/usr/local/texlive/2017/texmf-dist/tex/latex/oberdiek/kvoptions.sty
Package: kvoptions 2016/05/16 v3.12 Key value format for package options (HO)
)
\@linkdim=\dimen180
\Hy@linkcounter=\count172
\Hy@pagecounter=\count173
 (/usr/local/texlive/2017/texmf-dist/tex/latex/hyperref/pd1enc.def
File: pd1enc.def 2017/03/14 v6.85a Hyperref: PDFDocEncoding definition (HO)
)
\Hy@SavedSpaceFactor=\count174
 (/usr/local/texlive/2017/texmf-dist/tex/latex/latexconfig/hyperref.cfg
File: hyperref.cfg 2002/06/06 v1.2 hyperref configuration of TeXLive
)
Package hyperref Info: Hyper figures OFF on input line 4498.
Package hyperref Info: Link nesting OFF on input line 4503.
Package hyperref Info: Hyper index ON on input line 4506.
Package hyperref Info: Plain pages OFF on input line 4513.
Package hyperref Info: Backreferencing OFF on input line 4518.
Package hyperref Info: Implicit mode ON; LaTeX internals redefined.
Package hyperref Info: Bookmarks ON on input line 4751.
\c@Hy@tempcnt=\count175
 (/usr/local/texlive/2017/texmf-dist/tex/latex/url/url.sty
\Urlmuskip=\muskip17
Package: url 2013/09/16  ver 3.4  Verb mode for urls, etc.
)
LaTeX Info: Redefining \url on input line 5104.
\XeTeXLinkMargin=\dimen181
\Fld@menulength=\count176
\Field@Width=\dimen182
\Fld@charsize=\dimen183
Package hyperref Info: Hyper figures OFF on input line 6358.
Package hyperref Info: Link nesting OFF on input line 6363.
Package hyperref Info: Hyper index ON on input line 6366.
Package hyperref Info: backreferencing OFF on input line 6373.
Package hyperref Info: Link coloring OFF on input line 6378.
Package hyperref Info: Link coloring with OCG OFF on input line 6383.
Package hyperref Info: PDF/A mode OFF on input line 6388.
LaTeX Info: Redefining \ref on input line 6428.
LaTeX Info: Redefining \pageref on input line 6432.
\Hy@abspage=\count177
\c@Item=\count178
\c@Hfootnote=\count179
)

Package hyperref Message: Driver (autodetected): hpdftex.

(/usr/local/texlive/2017/texmf-dist/tex/latex/hyperref/hpdftex.def
File: hpdftex.def 2017/03/14 v6.85a Hyperref driver for pdfTeX
\Fld@listcount=\count180
\c@bookmark@seq@number=\count181
 (/usr/local/texlive/2017/texmf-dist/tex/latex/oberdiek/rerunfilecheck.sty
Package: rerunfilecheck 2016/05/16 v1.8 Rerun checks for auxiliary files (HO)
Package uniquecounter Info: New unique counter `rerunfilecheck' on input line 282.
)
\Hy@SectionHShift=\skip61
) (/usr/local/texlive/2017/texmf-dist/tex/latex/base/inputenc.sty
Package: inputenc 2015/03/17 v1.2c Input encoding file
\inpenc@prehook=\toks29
\inpenc@posthook=\toks30
 (/usr/local/texlive/2017/texmf-dist/tex/latex/base/utf8.def
File: utf8.def 2017/01/28 v1.1t UTF-8 support for inputenc
Now handling font encoding OML ...
... no UTF-8 mapping file for font encoding OML
Now handling font encoding T1 ...
... processing UTF-8 mapping file for font encoding T1
 (/usr/local/texlive/2017/texmf-dist/tex/latex/base/t1enc.dfu
File: t1enc.dfu 2017/01/28 v1.1t UTF-8 support for inputenc
   defining Unicode char U+00A0 (decimal 160)
   defining Unicode char U+00A1 (decimal 161)
   defining Unicode char U+00A3 (decimal 163)
   defining Unicode char U+00AB (decimal 171)
   defining Unicode char U+00AD (decimal 173)
   defining Unicode char U+00BB (decimal 187)
   defining Unicode char U+00BF (decimal 191)
   defining Unicode char U+00C0 (decimal 192)
   defining Unicode char U+00C1 (decimal 193)
   defining Unicode char U+00C2 (decimal 194)
   defining Unicode char U+00C3 (decimal 195)
   defining Unicode char U+00C4 (decimal 196)
   defining Unicode char U+00C5 (decimal 197)
   defining Unicode char U+00C6 (decimal 198)
   defining Unicode char U+00C7 (decimal 199)
   defining Unicode char U+00C8 (decimal 200)
   defining Unicode char U+00C9 (decimal 201)
   defining Unicode char U+00CA (decimal 202)
   defining Unicode char U+00CB (decimal 203)
   defining Unicode char U+00CC (decimal 204)
   defining Unicode char U+00CD (decimal 205)
   defining Unicode char U+00CE (decimal 206)
   defining Unicode char U+00CF (decimal 207)
   defining Unicode char U+00D0 (decimal 208)
   defining Unicode char U+00D1 (decimal 209)
   defining Unicode char U+00D2 (decimal 210)
   defining Unicode char U+00D3 (decimal 211)
   defining Unicode char U+00D4 (decimal 212)
   defining Unicode char U+00D5 (decimal 213)
   defining Unicode char U+00D6 (decimal 214)
   defining Unicode char U+00D8 (decimal 216)
   defining Unicode char U+00D9 (decimal 217)
   defining Unicode char U+00DA (decimal 218)
   defining Unicode char U+00DB (decimal 219)
   defining Unicode char U+00DC (decimal 220)
   defining Unicode char U+00DD (decimal 221)
   defining Unicode char U+00DE (decimal 222)
   defining Unicode char U+00DF (decimal 223)
   defining Unicode char U+00E0 (decimal 224)
   defining Unicode char U+00E1 (decimal 225)
   defining Unicode char U+00E2 (decimal 226)
   defining Unicode char U+00E3 (decimal 227)
   defining Unicode char U+00E4 (decimal 228)
   defining Unicode char U+00E5 (decimal 229)
   defining Unicode char U+00E6 (decimal 230)
   defining Unicode char U+00E7 (decimal 231)
   defining Unicode char U+00E8 (decimal 232)
   defining Unicode char U+00E9 (decimal 233)
   defining Unicode char U+00EA (decimal 234)
   defining Unicode char U+00EB (decimal 235)
   defining Unicode char U+00EC (decimal 236)
   defining Unicode char U+00ED (decimal 237)
   defining Unicode char U+00EE (decimal 238)
   defining Unicode char U+00EF (decimal 239)
   defining Unicode char U+00F0 (decimal 240)
   defining Unicode char U+00F1 (decimal 241)
   defining Unicode char U+00F2 (decimal 242)
   defining Unicode char U+00F3 (decimal 243)
   defining Unicode char U+00F4 (decimal 244)
   defining Unicode char U+00F5 (decimal 245)
   defining Unicode char U+00F6 (decimal 246)
   defining Unicode char U+00F8 (decimal 248)
   defining Unicode char U+00F9 (decimal 249)
   defining Unicode char U+00FA (decimal 250)
   defining Unicode char U+00FB (decimal 251)
   defining Unicode char U+00FC (decimal 252)
   defining Unicode char U+00FD (decimal 253)
   defining Unicode char U+00FE (decimal 254)
   defining Unicode char U+00FF (decimal 255)
   defining Unicode char U+0100 (decimal 256)
   defining Unicode char U+0101 (decimal 257)
   defining Unicode char U+0102 (decimal 258)
   defining Unicode char U+0103 (decimal 259)
   defining Unicode char U+0104 (decimal 260)
   defining Unicode char U+0105 (decimal 261)
   defining Unicode char U+0106 (decimal 262)
   defining Unicode char U+0107 (decimal 263)
   defining Unicode char U+0108 (decimal 264)
   defining Unicode char U+0109 (decimal 265)
   defining Unicode char U+010A (decimal 266)
   defining Unicode char U+010B (decimal 267)
   defining Unicode char U+010C (decimal 268)
   defining Unicode char U+010D (decimal 269)
   defining Unicode char U+010E (decimal 270)
   defining Unicode char U+010F (decimal 271)
   defining Unicode char U+0110 (decimal 272)
   defining Unicode char U+0111 (decimal 273)
   defining Unicode char U+0112 (decimal 274)
   defining Unicode char U+0113 (decimal 275)
   defining Unicode char U+0114 (decimal 276)
   defining Unicode char U+0115 (decimal 277)
   defining Unicode char U+0116 (decimal 278)
   defining Unicode char U+0117 (decimal 279)
   defining Unicode char U+0118 (decimal 280)
   defining Unicode char U+0119 (decimal 281)
   defining Unicode char U+011A (decimal 282)
   defining Unicode char U+011B (decimal 283)
   defining Unicode char U+011C (decimal 284)
   defining Unicode char U+011D (decimal 285)
   defining Unicode char U+011E (decimal 286)
   defining Unicode char U+011F (decimal 287)
   defining Unicode char U+0120 (decimal 288)
   defining Unicode char U+0121 (decimal 289)
   defining Unicode char U+0122 (decimal 290)
   defining Unicode char U+0123 (decimal 291)
   defining Unicode char U+0124 (decimal 292)
   defining Unicode char U+0125 (decimal 293)
   defining Unicode char U+0128 (decimal 296)
   defining Unicode char U+0129 (decimal 297)
   defining Unicode char U+012A (decimal 298)
   defining Unicode char U+012B (decimal 299)
   defining Unicode char U+012C (decimal 300)
   defining Unicode char U+012D (decimal 301)
   defining Unicode char U+012E (decimal 302)
   defining Unicode char U+012F (decimal 303)
   defining Unicode char U+0130 (decimal 304)
   defining Unicode char U+0131 (decimal 305)
   defining Unicode char U+0132 (decimal 306)
   defining Unicode char U+0133 (decimal 307)
   defining Unicode char U+0134 (decimal 308)
   defining Unicode char U+0135 (decimal 309)
   defining Unicode char U+0136 (decimal 310)
   defining Unicode char U+0137 (decimal 311)
   defining Unicode char U+0139 (decimal 313)
   defining Unicode char U+013A (decimal 314)
   defining Unicode char U+013B (decimal 315)
   defining Unicode char U+013C (decimal 316)
   defining Unicode char U+013D (decimal 317)
   defining Unicode char U+013E (decimal 318)
   defining Unicode char U+0141 (decimal 321)
   defining Unicode char U+0142 (decimal 322)
   defining Unicode char U+0143 (decimal 323)
   defining Unicode char U+0144 (decimal 324)
   defining Unicode char U+0145 (decimal 325)
   defining Unicode char U+0146 (decimal 326)
   defining Unicode char U+0147 (decimal 327)
   defining Unicode char U+0148 (decimal 328)
   defining Unicode char U+014A (decimal 330)
   defining Unicode char U+014B (decimal 331)
   defining Unicode char U+014C (decimal 332)
   defining Unicode char U+014D (decimal 333)
   defining Unicode char U+014E (decimal 334)
   defining Unicode char U+014F (decimal 335)
   defining Unicode char U+0150 (decimal 336)
   defining Unicode char U+0151 (decimal 337)
   defining Unicode char U+0152 (decimal 338)
   defining Unicode char U+0153 (decimal 339)
   defining Unicode char U+0154 (decimal 340)
   defining Unicode char U+0155 (decimal 341)
   defining Unicode char U+0156 (decimal 342)
   defining Unicode char U+0157 (decimal 343)
   defining Unicode char U+0158 (decimal 344)
   defining Unicode char U+0159 (decimal 345)
   defining Unicode char U+015A (decimal 346)
   defining Unicode char U+015B (decimal 347)
   defining Unicode char U+015C (decimal 348)
   defining Unicode char U+015D (decimal 349)
   defining Unicode char U+015E (decimal 350)
   defining Unicode char U+015F (decimal 351)
   defining Unicode char U+0160 (decimal 352)
   defining Unicode char U+0161 (decimal 353)
   defining Unicode char U+0162 (decimal 354)
   defining Unicode char U+0163 (decimal 355)
   defining Unicode char U+0164 (decimal 356)
   defining Unicode char U+0165 (decimal 357)
   defining Unicode char U+0168 (decimal 360)
   defining Unicode char U+0169 (decimal 361)
   defining Unicode char U+016A (decimal 362)
   defining Unicode char U+016B (decimal 363)
   defining Unicode char U+016C (decimal 364)
   defining Unicode char U+016D (decimal 365)
   defining Unicode char U+016E (decimal 366)
   defining Unicode char U+016F (decimal 367)
   defining Unicode char U+0170 (decimal 368)
   defining Unicode char U+0171 (decimal 369)
   defining Unicode char U+0172 (decimal 370)
   defining Unicode char U+0173 (decimal 371)
   defining Unicode char U+0174 (decimal 372)
   defining Unicode char U+0175 (decimal 373)
   defining Unicode char U+0176 (decimal 374)
   defining Unicode char U+0177 (decimal 375)
   defining Unicode char U+0178 (decimal 376)
   defining Unicode char U+0179 (decimal 377)
   defining Unicode char U+017A (decimal 378)
   defining Unicode char U+017B (decimal 379)
   defining Unicode char U+017C (decimal 380)
   defining Unicode char U+017D (decimal 381)
   defining Unicode char U+017E (decimal 382)
   defining Unicode char U+01CD (decimal 461)
   defining Unicode char U+01CE (decimal 462)
   defining Unicode char U+01CF (decimal 463)
   defining Unicode char U+01D0 (decimal 464)
   defining Unicode char U+01D1 (decimal 465)
   defining Unicode char U+01D2 (decimal 466)
   defining Unicode char U+01D3 (decimal 467)
   defining Unicode char U+01D4 (decimal 468)
   defining Unicode char U+01E2 (decimal 482)
   defining Unicode char U+01E3 (decimal 483)
   defining Unicode char U+01E6 (decimal 486)
   defining Unicode char U+01E7 (decimal 487)
   defining Unicode char U+01E8 (decimal 488)
   defining Unicode char U+01E9 (decimal 489)
   defining Unicode char U+01EA (decimal 490)
   defining Unicode char U+01EB (decimal 491)
   defining Unicode char U+01F0 (decimal 496)
   defining Unicode char U+01F4 (decimal 500)
   defining Unicode char U+01F5 (decimal 501)
   defining Unicode char U+0218 (decimal 536)
   defining Unicode char U+0219 (decimal 537)
   defining Unicode char U+021A (decimal 538)
   defining Unicode char U+021B (decimal 539)
   defining Unicode char U+0232 (decimal 562)
   defining Unicode char U+0233 (decimal 563)
   defining Unicode char U+1E02 (decimal 7682)
   defining Unicode char U+1E03 (decimal 7683)
   defining Unicode char U+200C (decimal 8204)
   defining Unicode char U+2010 (decimal 8208)
   defining Unicode char U+2011 (decimal 8209)
   defining Unicode char U+2012 (decimal 8210)
   defining Unicode char U+2013 (decimal 8211)
   defining Unicode char U+2014 (decimal 8212)
   defining Unicode char U+2015 (decimal 8213)
   defining Unicode char U+2018 (decimal 8216)
   defining Unicode char U+2019 (decimal 8217)
   defining Unicode char U+201A (decimal 8218)
   defining Unicode char U+201C (decimal 8220)
   defining Unicode char U+201D (decimal 8221)
   defining Unicode char U+201E (decimal 8222)
   defining Unicode char U+2030 (decimal 8240)
   defining Unicode char U+2031 (decimal 8241)
   defining Unicode char U+2039 (decimal 8249)
   defining Unicode char U+203A (decimal 8250)
   defining Unicode char U+2423 (decimal 9251)
   defining Unicode char U+1E20 (decimal 7712)
   defining Unicode char U+1E21 (decimal 7713)
)
Now handling font encoding OT1 ...
... processing UTF-8 mapping file for font encoding OT1
 (/usr/local/texlive/2017/texmf-dist/tex/latex/base/ot1enc.dfu
File: ot1enc.dfu 2017/01/28 v1.1t UTF-8 support for inputenc
   defining Unicode char U+00A0 (decimal 160)
   defining Unicode char U+00A1 (decimal 161)
   defining Unicode char U+00A3 (decimal 163)
   defining Unicode char U+00AD (decimal 173)
   defining Unicode char U+00B8 (decimal 184)
   defining Unicode char U+00BF (decimal 191)
   defining Unicode char U+00C5 (decimal 197)
   defining Unicode char U+00C6 (decimal 198)
   defining Unicode char U+00D8 (decimal 216)
   defining Unicode char U+00DF (decimal 223)
   defining Unicode char U+00E6 (decimal 230)
   defining Unicode char U+00EC (decimal 236)
   defining Unicode char U+00ED (decimal 237)
   defining Unicode char U+00EE (decimal 238)
   defining Unicode char U+00EF (decimal 239)
   defining Unicode char U+00F8 (decimal 248)
   defining Unicode char U+0131 (decimal 305)
   defining Unicode char U+0141 (decimal 321)
   defining Unicode char U+0142 (decimal 322)
   defining Unicode char U+0152 (decimal 338)
   defining Unicode char U+0153 (decimal 339)
   defining Unicode char U+0174 (decimal 372)
   defining Unicode char U+0175 (decimal 373)
   defining Unicode char U+0176 (decimal 374)
   defining Unicode char U+0177 (decimal 375)
   defining Unicode char U+0218 (decimal 536)
   defining Unicode char U+0219 (decimal 537)
   defining Unicode char U+021A (decimal 538)
   defining Unicode char U+021B (decimal 539)
   defining Unicode char U+2013 (decimal 8211)
   defining Unicode char U+2014 (decimal 8212)
   defining Unicode char U+2018 (decimal 8216)
   defining Unicode char U+2019 (decimal 8217)
   defining Unicode char U+201C (decimal 8220)
   defining Unicode char U+201D (decimal 8221)
)
Now handling font encoding OMS ...
... processing UTF-8 mapping file for font encoding OMS
 (/usr/local/texlive/2017/texmf-dist/tex/latex/base/omsenc.dfu
File: omsenc.dfu 2017/01/28 v1.1t UTF-8 support for inputenc
   defining Unicode char U+00A7 (decimal 167)
   defining Unicode char U+00B6 (decimal 182)
   defining Unicode char U+00B7 (decimal 183)
   defining Unicode char U+2020 (decimal 8224)
   defining Unicode char U+2021 (decimal 8225)
   defining Unicode char U+2022 (decimal 8226)
)
Now handling font encoding OMX ...
... no UTF-8 mapping file for font encoding OMX
Now handling font encoding U ...
... no UTF-8 mapping file for font encoding U
Now handling font encoding PD1 ...
... no UTF-8 mapping file for font encoding PD1
   defining Unicode char U+00A9 (decimal 169)
   defining Unicode char U+00AA (decimal 170)
   defining Unicode char U+00AE (decimal 174)
   defining Unicode char U+00BA (decimal 186)
   defining Unicode char U+02C6 (decimal 710)
   defining Unicode char U+02DC (decimal 732)
   defining Unicode char U+200C (decimal 8204)
   defining Unicode char U+2026 (decimal 8230)
   defining Unicode char U+2122 (decimal 8482)
   defining Unicode char U+2423 (decimal 9251)
)) (/usr/local/texlive/2017/texmf-dist/tex/latex/listings/listings.sty
\lst@mode=\count182
\lst@gtempboxa=\box54
\lst@token=\toks31
\lst@length=\count183
\lst@currlwidth=\dimen184
\lst@column=\count184
\lst@pos=\count185
\lst@lostspace=\dimen185
\lst@width=\dimen186
\lst@newlines=\count186
\lst@lineno=\count187
\lst@maxwidth=\dimen187
 (/usr/local/texlive/2017/texmf-dist/tex/latex/listings/lstmisc.sty
File: lstmisc.sty 2015/06/04 1.6 (Carsten Heinz)
\c@lstnumber=\count188
\lst@skipnumbers=\count189
\lst@framebox=\box55
) (/usr/local/texlive/2017/texmf-dist/tex/latex/listings/listings.cfg
File: listings.cfg 2015/06/04 1.6 listings configuration
))
Package: listings 2015/06/04 1.6 (Carsten Heinz)
 (/usr/local/texlive/2017/texmf-dist/tex/latex/base/makeidx.sty
Package: makeidx 2014/09/29 v1.0m Standard LaTeX package
) (/usr/local/texlive/2017/texmf-dist/tex/latex/microtype/microtype.sty
Package: microtype 2016/05/14 v2.6a Micro-typographical refinements (RS)
\MT@toks=\toks32
\MT@count=\count190
LaTeX Info: Redefining \textls on input line 774.
\MT@outer@kern=\dimen188
LaTeX Info: Redefining \textmicrotypecontext on input line 1310.
\MT@listname@count=\count191
 (/usr/local/texlive/2017/texmf-dist/tex/latex/microtype/microtype-pdftex.def
File: microtype-pdftex.def 2016/05/14 v2.6a Definitions specific to pdftex (RS)
LaTeX Info: Redefining \lsstyle on input line 916.
LaTeX Info: Redefining \lslig on input line 916.
\MT@outer@space=\skip62
)
Package microtype Info: Loading configuration file microtype.cfg.
 (/usr/local/texlive/2017/texmf-dist/tex/latex/microtype/microtype.cfg
File: microtype.cfg 2016/05/14 v2.6a microtype main configuration file (RS)
)) (/usr/local/texlive/2017/texmf-dist/tex/latex/tools/multicol.sty
Package: multicol 2017/04/11 v1.8q multicolumn formatting (FMi)
\c@tracingmulticols=\count192
\mult@box=\box56
\multicol@leftmargin=\dimen189
\c@unbalance=\count193
\c@collectmore=\count194
\doublecol@number=\count195
\multicoltolerance=\count196
\multicolpretolerance=\count197
\full@width=\dimen190
\page@free=\dimen191
\premulticols=\dimen192
\postmulticols=\dimen193
\multicolsep=\skip63
\multicolbaselineskip=\skip64
\partial@page=\box57
\last@line=\box58
\maxbalancingoverflow=\dimen194
\mult@rightbox=\box59
\mult@grightbox=\box60
\mult@gfirstbox=\box61
\mult@firstbox=\box62
\@tempa=\box63
\@tempa=\box64
\@tempa=\box65
\@tempa=\box66
\@tempa=\box67
\@tempa=\box68
\@tempa=\box69
\@tempa=\box70
\@tempa=\box71
\@tempa=\box72
\@tempa=\box73
\@tempa=\box74
\@tempa=\box75
\@tempa=\box76
\@tempa=\box77
\@tempa=\box78
\@tempa=\box79
\c@columnbadness=\count198
\c@finalcolumnbadness=\count199
\last@try=\dimen195
\multicolovershoot=\dimen196
\multicolundershoot=\dimen197
\mult@nat@firstbox=\box80
\colbreak@box=\box81
\mc@col@check@num=\count266
) (/usr/local/texlive/2017/texmf-dist/tex/latex/subfig/subfig.sty
Package: subfig 2005/06/28 ver: 1.3 subfig package
\c@KVtest=\count267
\sf@farskip=\skip65
\sf@captopadj=\dimen198
\sf@capskip=\skip66
\sf@nearskip=\skip67
\c@subfigure=\count268
\c@subfigure@save=\count269
\c@lofdepth=\count270
\c@subtable=\count271
\c@subtable@save=\count272
\c@lotdepth=\count273
\sf@top=\skip68
\sf@bottom=\skip69
) (/usr/local/texlive/2017/texmf-dist/tex/latex/tools/tabularx.sty
Package: tabularx 2016/02/03 v2.11 `tabularx' package (DPC)
\TX@col@width=\dimen199
\TX@old@table=\dimen256
\TX@old@col=\dimen257
\TX@target=\dimen258
\TX@delta=\dimen259
\TX@cols=\count274
\TX@ftn=\toks33
) (/usr/local/texlive/2017/texmf-dist/tex/latex/tools/varioref.sty
Package: varioref 2016/02/16 v1.5c package for extended references (FMi)
\c@vrcnt=\count275
) (/usr/local/texlive/2017/texmf-dist/tex/latex/wrapfig/wrapfig.sty
\wrapoverhang=\dimen260
\WF@size=\dimen261
\c@WF@wrappedlines=\count276
\WF@box=\box82
\WF@everypar=\toks34
Package: wrapfig 2003/01/31  v 3.6
) (/usr/local/texlive/2017/texmf-dist/tex/latex/xcolor/xcolor.sty
Package: xcolor 2016/05/11 v2.12 LaTeX color extensions (UK)
 (/usr/local/texlive/2017/texmf-dist/tex/latex/graphics-cfg/color.cfg
File: color.cfg 2016/01/02 v1.6 sample color configuration
)
Package xcolor Info: Driver file: pdftex.def on input line 225.
Package xcolor Info: Model `cmy' substituted by `cmy0' on input line 1348.
Package xcolor Info: Model `hsb' substituted by `rgb' on input line 1352.
Package xcolor Info: Model `RGB' extended on input line 1364.
Package xcolor Info: Model `HTML' substituted by `rgb' on input line 1366.
Package xcolor Info: Model `Hsb' substituted by `hsb' on input line 1367.
Package xcolor Info: Model `tHsb' substituted by `hsb' on input line 1368.
Package xcolor Info: Model `HSB' substituted by `hsb' on input line 1369.
Package xcolor Info: Model `Gray' substituted by `gray' on input line 1370.
Package xcolor Info: Model `wave' substituted by `hsb' on input line 1371.
) (/usr/local/texlive/2017/texmf-dist/tex/latex/fancyhdr/fancyhdr.sty
Package: fancyhdr 2016/09/06 3.8 Extensive control of page headers and footers
\fancy@headwidth=\skip70
\f@ncyO@elh=\skip71
\f@ncyO@erh=\skip72
\f@ncyO@olh=\skip73
\f@ncyO@orh=\skip74
\f@ncyO@elf=\skip75
\f@ncyO@erf=\skip76
\f@ncyO@olf=\skip77
\f@ncyO@orf=\skip78
) (/usr/local/texlive/2017/texmf-dist/tex/latex/enumitem/enumitem.sty
Package: enumitem 2011/09/28 v3.5.2 Customized lists
\labelindent=\skip79
\enit@outerparindent=\dimen262
\enit@toks=\toks35
\enit@inbox=\box83
\enitdp@description=\count277
) (./ConfigurationFile/function.sty) (/usr/local/texlive/2017/texmf-dist/tex/latex/base/ifthen.sty
Package: ifthen 2014/09/29 v1.1c Standard LaTeX ifthen package (DPC)
) (/usr/local/texlive/2017/texmf-dist/tex/latex/fontawesome/fontawesome.sty
Package: fontawesome 2016/05/15 v4.6.3.1 font awesome icons
 (/usr/local/texlive/2017/texmf-dist/tex/latex/fontawesome/fontawesomesymbols-generic.tex) (/usr/local/texlive/2017/texmf-dist/tex/latex/fontawesome/fontawesomesymbols-pdftex.tex)) (/usr/local/texlive/2017/texmf-dist/tex/latex/tabu/tabu.sty
Package: tabu 2011/02/26 v2.8 - flexible LaTeX tabulars (FC)
 (/usr/local/texlive/2017/texmf-dist/tex/latex/varwidth/varwidth.sty
Package: varwidth 2009/03/30 ver 0.92;  Variable-width minipages
\@vwid@box=\box84
\sift@deathcycles=\count278
\@vwid@loff=\dimen263
\@vwid@roff=\dimen264
)
\c@taburow=\count279
\tabu@nbcols=\count280
\tabu@cnt=\count281
\tabu@Xcol=\count282
\tabu@alloc=\count283
\tabu@nested=\count284
\tabu@target=\dimen265
\tabu@spreadtarget=\dimen266
\tabu@naturalX=\dimen267
\tabucolX=\dimen268
\tabu@Xsum=\dimen269
\extrarowdepth=\dimen270
\abovetabulinesep=\dimen271
\belowtabulinesep=\dimen272
\tabustrutrule=\dimen273
\tabu@thebody=\toks36
\tabu@footnotes=\toks37
\tabu@box=\box85
\tabu@arstrutbox=\box86
\tabu@hleads=\box87
\tabu@vleads=\box88
\tabu@cellskip=\skip80
)
(/usr/local/texlive/2017/texmf-dist/tex/latex/widetable/widetable.sty
Package: widetable 2009/10/26 v.1.1 Package for typesetting specified width tables
 (/usr/local/texlive/2017/texmf-dist/tex/latex/ifetex/ifetex.sty
Package: ifetex 2011/12/15 v1.2 ifetex
 (/usr/local/texlive/2017/texmf-dist/tex/plain/ifetex/ifetex.tex))
\wt@width=\dimen274
) (/usr/local/texlive/2017/texmf-dist/tex/latex/tools/longtable.sty
Package: longtable 2014/10/28 v4.11 Multi-page Table package (DPC)
\LTleft=\skip81
\LTright=\skip82
\LTpre=\skip83
\LTpost=\skip84
\LTchunksize=\count285
\LTcapwidth=\dimen275
\LT@head=\box89
\LT@firsthead=\box90
\LT@foot=\box91
\LT@lastfoot=\box92
\LT@cols=\count286
\LT@rows=\count287
\c@LT@tables=\count288
\c@LT@chunks=\count289
\LT@p@ftn=\toks38
)) (/Users/andrea/Documents/GitHub/Progetto_Info_3B/Documentazione/.texpadtmp/Documentazione.aux

LaTeX Warning: Label `code:sample' multiply defined.


LaTeX Warning: Label `code:sample' multiply defined.


LaTeX Warning: Label `code:sample' multiply defined.


LaTeX Warning: Label `code:sample' multiply defined.


LaTeX Warning: Label `code:sample' multiply defined.


LaTeX Warning: Label `code:sample' multiply defined.


LaTeX Warning: Label `code:sample' multiply defined.


LaTeX Warning: Label `code:sample' multiply defined.


LaTeX Warning: Label `code:sample' multiply defined.


LaTeX Warning: Label `code:sample' multiply defined.


LaTeX Warning: Label `code:sample' multiply defined.


LaTeX Warning: Label `code:sample' multiply defined.

)
\openout1 = `Documentazione.aux'.

LaTeX Font Info:    Checking defaults for OML/cmm/m/it on input line 42.
LaTeX Font Info:    ... okay on input line 42.
LaTeX Font Info:    Checking defaults for T1/cmr/m/n on input line 42.
LaTeX Font Info:    ... okay on input line 42.
LaTeX Font Info:    Checking defaults for OT1/cmr/m/n on input line 42.
LaTeX Font Info:    ... okay on input line 42.
LaTeX Font Info:    Checking defaults for OMS/cmsy/m/n on input line 42.
LaTeX Font Info:    ... okay on input line 42.
LaTeX Font Info:    Checking defaults for OMX/cmex/m/n on input line 42.
LaTeX Font Info:    ... okay on input line 42.
LaTeX Font Info:    Checking defaults for U/cmr/m/n on input line 42.
LaTeX Font Info:    ... okay on input line 42.
LaTeX Font Info:    Checking defaults for PD1/pdf/m/n on input line 42.
LaTeX Font Info:    ... okay on input line 42.
Now handling font encoding TS1 ...
... processing UTF-8 mapping file for font encoding TS1
 (/usr/local/texlive/2017/texmf-dist/tex/latex/base/ts1enc.dfu
File: ts1enc.dfu 2017/01/28 v1.1t UTF-8 support for inputenc
   defining Unicode char U+00A2 (decimal 162)
   defining Unicode char U+00A3 (decimal 163)
   defining Unicode char U+00A4 (decimal 164)
   defining Unicode char U+00A5 (decimal 165)
   defining Unicode char U+00A6 (decimal 166)
   defining Unicode char U+00A7 (decimal 167)
   defining Unicode char U+00A8 (decimal 168)
   defining Unicode char U+00A9 (decimal 169)
   defining Unicode char U+00AA (decimal 170)
   defining Unicode char U+00AC (decimal 172)
   defining Unicode char U+00AE (decimal 174)
   defining Unicode char U+00AF (decimal 175)
   defining Unicode char U+00B0 (decimal 176)
   defining Unicode char U+00B1 (decimal 177)
   defining Unicode char U+00B2 (decimal 178)
   defining Unicode char U+00B3 (decimal 179)
   defining Unicode char U+00B4 (decimal 180)
   defining Unicode char U+00B5 (decimal 181)
   defining Unicode char U+00B6 (decimal 182)
   defining Unicode char U+00B7 (decimal 183)
   defining Unicode char U+00B9 (decimal 185)
   defining Unicode char U+00BA (decimal 186)
   defining Unicode char U+00BC (decimal 188)
   defining Unicode char U+00BD (decimal 189)
   defining Unicode char U+00BE (decimal 190)
   defining Unicode char U+00D7 (decimal 215)
   defining Unicode char U+00F7 (decimal 247)
   defining Unicode char U+0192 (decimal 402)
   defining Unicode char U+02C7 (decimal 711)
   defining Unicode char U+02D8 (decimal 728)
   defining Unicode char U+02DD (decimal 733)
   defining Unicode char U+0E3F (decimal 3647)
   defining Unicode char U+2016 (decimal 8214)
   defining Unicode char U+2020 (decimal 8224)
   defining Unicode char U+2021 (decimal 8225)
   defining Unicode char U+2022 (decimal 8226)
   defining Unicode char U+2030 (decimal 8240)
   defining Unicode char U+2031 (decimal 8241)
   defining Unicode char U+203B (decimal 8251)
   defining Unicode char U+203D (decimal 8253)
   defining Unicode char U+2044 (decimal 8260)
   defining Unicode char U+204E (decimal 8270)
   defining Unicode char U+2052 (decimal 8274)
   defining Unicode char U+20A1 (decimal 8353)
   defining Unicode char U+20A4 (decimal 8356)
   defining Unicode char U+20A6 (decimal 8358)
   defining Unicode char U+20A9 (decimal 8361)
   defining Unicode char U+20AB (decimal 8363)
   defining Unicode char U+20AC (decimal 8364)
   defining Unicode char U+20B1 (decimal 8369)
   defining Unicode char U+2103 (decimal 8451)
   defining Unicode char U+2116 (decimal 8470)
   defining Unicode char U+2117 (decimal 8471)
   defining Unicode char U+211E (decimal 8478)
   defining Unicode char U+2120 (decimal 8480)
   defining Unicode char U+2122 (decimal 8482)
   defining Unicode char U+2126 (decimal 8486)
   defining Unicode char U+2127 (decimal 8487)
   defining Unicode char U+212E (decimal 8494)
   defining Unicode char U+2190 (decimal 8592)
   defining Unicode char U+2191 (decimal 8593)
   defining Unicode char U+2192 (decimal 8594)
   defining Unicode char U+2193 (decimal 8595)
   defining Unicode char U+2329 (decimal 9001)
   defining Unicode char U+232A (decimal 9002)
   defining Unicode char U+2422 (decimal 9250)
   defining Unicode char U+25E6 (decimal 9702)
   defining Unicode char U+25EF (decimal 9711)
   defining Unicode char U+266A (decimal 9834)
) (/usr/local/texlive/2017/texmf-dist/tex/latex/beamer/translator/dicts/translator-basic-dictionary/translator-basic-dictionary-English.dict
Dictionary: translator-basic-dictionary, Language: English 
) (/usr/local/texlive/2017/texmf-dist/tex/latex/siunitx/siunitx-abbreviations.cfg
File: siunitx-abbreviations.cfg 2017/05/19 v2.7g siunitx: Abbreviated units
)
LaTeX Info: Redefining \it@ocap on input line 42.
LaTeX Info: Redefining \it@ccap on input line 42.
Package caption Info: Begin \AtBeginDocument code.
Package caption Info: subfig package v1.3 is loaded.
Package caption Info: float package is loaded.
Package caption Info: hyperref package is loaded.
Package caption Info: listings package is loaded.
Package caption Info: longtable package is loaded.
 (/usr/local/texlive/2017/texmf-dist/tex/latex/caption/ltcaption.sty
Package: ltcaption 2013/06/09 v1.4-94 longtable captions (AR)
)
Package caption Info: wrapfig package is loaded.
Package caption Info: End \AtBeginDocument code.
 (/usr/local/texlive/2017/texmf-dist/tex/context/base/mkii/supp-pdf.mkii
[Loading MPS to PDF converter (version 2006.09.02).]
\scratchcounter=\count290
\scratchdimen=\dimen276
\scratchbox=\box93
\nofMPsegments=\count291
\nofMParguments=\count292
\everyMPshowfont=\toks39
\MPscratchCnt=\count293
\MPscratchDim=\dimen277
\MPnumerator=\count294
\makeMPintoPDFobject=\count295
\everyMPtoPDFconversion=\toks40
) (/usr/local/texlive/2017/texmf-dist/tex/latex/oberdiek/epstopdf-base.sty
Package: epstopdf-base 2016/05/15 v2.6 Base part for package epstopdf
 (/usr/local/texlive/2017/texmf-dist/tex/latex/oberdiek/grfext.sty
Package: grfext 2016/05/16 v1.2 Manage graphics extensions (HO)
)
Package epstopdf-base Info: Redefining graphics rule for `.eps' on input line 438.
Package grfext Info: Graphics extension search list:
(grfext)             [.png,.pdf,.jpg,.mps,.jpeg,.jbig2,.jb2,.PNG,.PDF,.JPG,.JPEG,.JBIG2,.JB2,.eps]
(grfext)             \AppendGraphicsExtensions on input line 456.
 (/usr/local/texlive/2017/texmf-dist/tex/latex/latexconfig/epstopdf-sys.cfg
File: epstopdf-sys.cfg 2010/07/13 v1.3 Configuration of (r)epstopdf for TeX Live
))
\AtBeginShipoutBox=\box94
Package hyperref Info: Link coloring OFF on input line 42.
 (/usr/local/texlive/2017/texmf-dist/tex/latex/hyperref/nameref.sty
Package: nameref 2016/05/21 v2.44 Cross-referencing by name of section
 (/usr/local/texlive/2017/texmf-dist/tex/generic/oberdiek/gettitlestring.sty
Package: gettitlestring 2016/05/16 v1.5 Cleanup title references (HO)
)
\c@section@level=\count296
LaTeX Info: Redefining \Ref on input line 515.
)
LaTeX Info: Redefining \ref on input line 42.
LaTeX Info: Redefining \pageref on input line 42.
LaTeX Info: Redefining \nameref on input line 42.
 (/Users/andrea/Documents/GitHub/Progetto_Info_3B/Documentazione/.texpadtmp/Documentazione.out) (/Users/andrea/Documents/GitHub/Progetto_Info_3B/Documentazione/.texpadtmp/Documentazione.out)
\@outlinefile=\write3
\openout3 = `Documentazione.out'.

LaTeX Info: Redefining \Ref on input line 42.
\c@lstlisting=\count297
LaTeX Info: Redefining \microtypecontext on input line 42.
Package microtype Info: Generating PDF output.
Package microtype Info: Character protrusion enabled (level 2).
Package microtype Info: Using default protrusion set `alltext'.
Package microtype Info: Automatic font expansion enabled (level 2),
(microtype)             stretch: 20, shrink: 20, step: 1, non-selected.
Package microtype Info: Using default expansion set `basictext'.
Package microtype Info: No adjustment of tracking.
Package microtype Info: No adjustment of interword spacing.
Package microtype Info: No adjustment of character kerning.
 (/usr/local/texlive/2017/texmf-dist/tex/latex/microtype/mt-cmr.cfg
File: mt-cmr.cfg 2013/05/19 v2.2 microtype config. file: Computer Modern Roman (RS)
)
\c__siunitx_mathsf_int=\count298
LaTeX Font Info:    Try loading font information for U+msa on input line 42.
 (/usr/local/texlive/2017/texmf-dist/tex/latex/amsfonts/umsa.fd
File: umsa.fd 2013/01/14 v3.01 AMS symbols A
) (/usr/local/texlive/2017/texmf-dist/tex/latex/microtype/mt-msa.cfg
File: mt-msa.cfg 2006/02/04 v1.1 microtype config. file: AMS symbols (a) (RS)
)
LaTeX Font Info:    Try loading font information for U+msb on input line 42.
 (/usr/local/texlive/2017/texmf-dist/tex/latex/amsfonts/umsb.fd
File: umsb.fd 2013/01/14 v3.01 AMS symbols B
) (/usr/local/texlive/2017/texmf-dist/tex/latex/microtype/mt-msb.cfg
File: mt-msb.cfg 2005/06/01 v1.0 microtype config. file: AMS symbols (b) (RS)
)
Package microtype Info: Loading generic settings for font family
(microtype)             `cmss' (encoding: OT1).
(microtype)             For optimal results, create family-specific settings.
(microtype)             See the microtype manual for details.
\c__siunitx_mathtt_int=\count299
Package microtype Info: Loading generic settings for font family
(microtype)             `cmtt' (encoding: OT1).
(microtype)             For optimal results, create family-specific settings.
(microtype)             See the microtype manual for details.
 <ConfigurationFile/Book/logo.jpg, id=397, 227.6505pt x 229.3368pt>
File: ConfigurationFile/Book/logo.jpg Graphic file (type jpg)
 <use ConfigurationFile/Book/logo.jpg>
Package pdftex.def Info: ConfigurationFile/Book/logo.jpg used on input line 45.
(pdftex.def)             Requested size: 159.35425pt x 160.53467pt.
 [1


{/usr/local/texlive/2017/texmf-var/fonts/map/pdftex/updmap/pdftex.map} <./ConfigurationFile/Book/logo.jpg>] [2

] (/Users/andrea/Documents/GitHub/Progetto_Info_3B/Documentazione/.texpadtmp/Documentazione.toc [3] [4])
\tf@toc=\write4
\openout4 = `Documentazione.toc'.

 [5] (./Iterazione0.tex [6

] [7] [8] (./Requisiti/Requisiti.tex
Capitolo 1.

Underfull \hbox (badness 10000) in paragraph at lines 5--6

 []

LaTeX Font Info:    Try loading font information for OMS+cmr on input line 10.
(/usr/local/texlive/2017/texmf-dist/tex/latex/base/omscmr.fd
File: omscmr.fd 2014/09/29 v2.5h Standard LaTeX font definitions
)
LaTeX Font Info:    Font shape `OMS/cmr/m/n' in size <10> not available
(Font)              Font shape `OMS/cmsy/m/n' tried instead on input line 10.

Underfull \hbox (badness 10000) in paragraph at lines 14--16

 []


Underfull \hbox (badness 10000) in paragraph at lines 24--25

 []

LaTeX Font Info:    Try loading font information for T1+cmtt on input line 27.
(/usr/local/texlive/2017/texmf-dist/tex/latex/base/t1cmtt.fd
File: t1cmtt.fd 2014/09/29 v2.5h Standard LaTeX font definitions
)
Package microtype Info: Loading generic settings for font family
(microtype)             `cmtt' (encoding: T1).
(microtype)             For optimal results, create family-specific settings.
(microtype)             See the microtype manual for details.
 [9

]
Underfull \hbox (badness 10000) in paragraph at lines 35--37

 []

LaTeX Font Info:    Font shape `OMS/cmr/m/n' in size <7> not available
(Font)              Font shape `OMS/cmsy/m/n' tried instead on input line 39.

Underfull \hbox (badness 10000) in paragraph at lines 38--42

 []


Underfull \hbox (badness 10000) in paragraph at lines 43--46

 []

(/usr/local/texlive/2017/texmf-dist/tex/latex/listings/lstlang1.sty
File: lstlang1.sty 2015/06/04 1.6 listings language file
) (/usr/local/texlive/2017/texmf-dist/tex/latex/listings/lstmisc.sty
File: lstmisc.sty 2015/06/04 1.6 (Carsten Heinz)
)
Package hyperref Info: bookmark level for unknown lstlisting defaults to 0 on input line 74.
 (./Requisiti/src/Records.xml [10])
Overfull \hbox (1.67574pt too wide) in paragraph at lines 82--83
[]\T1/cmr/bx/n/10 Use-case dia-gram, de-ploy-ment dia-gram, com-po-nent dia-gram\T1/cmr/m/n/10 (-20) :
 []

[11]) (./Specifiche/Specifiche.tex [12]
Capitolo 2.
(./Specifiche/Tabelle/GestioneDipendenti.tex
Underfull \vbox (badness 10000) detected at line 18
 []

[13

]) (./Specifiche/Tabelle/GestioneDatiAzienda.tex
Underfull \vbox (badness 10000) detected at line 18
 []

) (./Specifiche/Tabelle/GestioneTurni.tex
Underfull \vbox (badness 10000) detected at line 25
 []

[14]) (./Specifiche/Tabelle/GestioneFileXML.tex
Underfull \vbox (badness 10000) detected at line 16
 []

) (./Specifiche/Tabelle/GestioneOrari.tex
Underfull \vbox (badness 10000) detected at line 26
 []

[15]) (./Specifiche/CasiUso/CasiUso1.tex [16]) (./Specifiche/CasiUso/CasiUso2.tex [17]) (./Specifiche/CasiUso/CasiUso3.tex [18] [19]) (./Specifiche/CasiUso/CasiUso4.tex) (./Specifiche/CasiUso/CasiUso5.tex [20]) (./Specifiche/CasiUso/CasiUso6.tex [21]) (./Specifiche/CasiUso/CasiUso7.tex [22]) (./Specifiche/CasiUso/CasiUso8.tex [23]) (./Specifiche/CasiUso/CasiUso9.tex [24]) (./Specifiche/CasiUso/CasiUso10.tex [25] [26]) (./Specifiche/CasiUso/CasiUso11.tex [27]) (./Specifiche/CasiUso/CasiUso12.tex [28] [29]) (./Specifiche/CasiUso/CasiUso13.tex [30] [31]) (./Specifiche/CasiUso/CasiUso14.tex [32] [33]) (./Specifiche/CasiUso/CasiUso15.tex [34] [35]) (./Specifiche/CasiUso/CasiUso16.tex [36]) (./Specifiche/CasiUso/CasiUso17.tex [37]) (./Specifiche/CasiUso/CasiUso18.tex [38]) (./Specifiche/CasiUso/CasiUso19.tex [39]) (./Specifiche/CasiUso/CasiUso20.tex [40]) (./Specifiche/CasiUso/CasiUso21.tex [41]) <Specifiche/img/UseCase.png, id=1087, 1224.575pt x 1676.2625pt>
File: Specifiche/img/UseCase.png Graphic file (type png)
 <use Specifiche/img/UseCase.png>
Package pdftex.def Info: Specifiche/img/UseCase.png used on input line 57.
(pdftex.def)             Requested size: 345.0pt x 472.24059pt.

Underfull \vbox (badness 3118) has occurred while \output is active []

 [42]) (./Specifiche/Architettura.tex [43 <./Specifiche/img/UseCase.png (PNG copy)>] [44

]
Capitolo 3.
<Specifiche/Img/ArchitetturaHW.png, id=1114, 702.625pt x 331.2375pt>
File: Specifiche/Img/ArchitetturaHW.png Graphic file (type png)
 <use Specifiche/Img/ArchitetturaHW.png>
Package pdftex.def Info: Specifiche/Img/ArchitetturaHW.png used on input line 7.
(pdftex.def)             Requested size: 327.74895pt x 154.5141pt.

Underfull \hbox (badness 10000) in paragraph at lines 14--15

 []

[45 <./Specifiche/Img/ArchitetturaHW.png (PNG copy)>]
Underfull \hbox (badness 10000) in paragraph at lines 21--22

 []

<Specifiche/Img/Deployment_Diagram.png, id=1124, 1053.9375pt x 602.25pt>
File: Specifiche/Img/Deployment_Diagram.png Graphic file (type png)
 <use Specifiche/Img/Deployment_Diagram.png>
Package pdftex.def Info: Specifiche/Img/Deployment_Diagram.png used on input line 29.
(pdftex.def)             Requested size: 341.5519pt x 195.17755pt.
 <Specifiche/Img/Component_Diagram_2.png, id=1125, 622.325pt x 973.6375pt>
File: Specifiche/Img/Component_Diagram_2.png Graphic file (type png)
 <use Specifiche/Img/Component_Diagram_2.png>
Package pdftex.def Info: Specifiche/Img/Component_Diagram_2.png used on input line 30.
(pdftex.def)             Requested size: 276.00105pt x 431.80396pt.

Underfull \vbox (badness 7944) has occurred while \output is active []

 [46 <./Specifiche/Img/Deployment_Diagram.png (PNG copy)>] [47 <./Specifiche/Img/Component_Diagram_2.png (PNG copy)>] <Specifiche/Img/MVP.png, id=1138, 807.015pt x 495.8525pt>
File: Specifiche/Img/MVP.png Graphic file (type png)
 <use Specifiche/Img/MVP.png>
Package pdftex.def Info: Specifiche/Img/MVP.png used on input line 42.
(pdftex.def)             Requested size: 172.5pt x 105.98578pt.
 <Specifiche/Img/Database.png, id=1140, 898.35625pt x 822.07124pt>
File: Specifiche/Img/Database.png Graphic file (type png)
 <use Specifiche/Img/Database.png>
Package pdftex.def Info: Specifiche/Img/Database.png used on input line 47.
(pdftex.def)             Requested size: 345.0pt x 315.70187pt.

Underfull \vbox (badness 10000) has occurred while \output is active []

 [48 <./Specifiche/Img/MVP.png>] [49 <./Specifiche/Img/Database.png>] <Specifiche/Img/Component_Gestione_orari.png, id=1158, 1114.1625pt x 843.15pt>
File: Specifiche/Img/Component_Gestione_orari.png Graphic file (type png)
 <use Specifiche/Img/Component_Gestione_orari.png>
Package pdftex.def Info: Specifiche/Img/Component_Gestione_orari.png used on input line 71.
(pdftex.def)             Requested size: 345.0pt x 261.0779pt.

Underfull \vbox (badness 10000) has occurred while \output is active []

 [50] <Specifiche/Img/ClassDiagramGestioneOrari.png, id=1165, 1266.7325pt x 2023.56pt>
File: Specifiche/Img/ClassDiagramGestioneOrari.png Graphic file (type png)
 <use Specifiche/Img/ClassDiagramGestioneOrari.png>
Package pdftex.def Info: Specifiche/Img/ClassDiagramGestioneOrari.png used on input line 77.
(pdftex.def)             Requested size: 345.0pt x 551.12357pt.

Underfull \vbox (badness 10000) has occurred while \output is active []

 [51 <./Specifiche/Img/Component_Gestione_orari.png (PNG copy)>]
Overfull \hbox (1.42096pt too wide) in paragraph at lines 81--82
\T1/cmr/m/n/10 (-20) dal com-po-nent da-ta ([][]\T1/cmtt/m/n/10 QueryOrdinari[]\T1/cmr/m/n/10 (-20) , [][]\T1/cmtt/m/n/10 QueryStraordinari[]\T1/cmr/m/n/10 (-20) , [][]\T1/cmtt/m/n/10 QueryAggregazione 
 []


Underfull \hbox (badness 10000) in paragraph at lines 81--82

 []

[52 <./Specifiche/Img/ClassDiagramGestioneOrari.png>]
Underfull \hbox (badness 10000) in paragraph at lines 83--85

 []

<Specifiche/Img/Component_Application_(Gestione_Orari).png, id=1178, 1053.9375pt x 582.175pt>
File: Specifiche/Img/Component_Application_(Gestione_Orari).png Graphic file (type png)
 <use Specifiche/Img/Component_Application_(Gestione_Orari).png>
Package pdftex.def Info: Specifiche/Img/Component_Application_(Gestione_Orari).png used on input line 88.
(pdftex.def)             Requested size: 310.4979pt x 171.50917pt.
 <Specifiche/Img/ClassDiagramGestioneOrariData.png, id=1180, 1149.29375pt x 1675.25874pt>
File: Specifiche/Img/ClassDiagramGestioneOrariData.png Graphic file (type png)
 <use Specifiche/Img/ClassDiagramGestioneOrariData.png>
Package pdftex.def Info: Specifiche/Img/ClassDiagramGestioneOrariData.png used on input line 93.
(pdftex.def)             Requested size: 327.74895pt x 477.7349pt.

Underfull \vbox (badness 10000) has occurred while \output is active []

 [53 <./Specifiche/Img/Component_Application_(Gestione_Orari).png (PNG copy)>] [54 <./Specifiche/Img/ClassDiagramGestioneOrariData.png (PNG copy)>] <Specifiche/Img/Component_Gestione_Turni.png, id=1195, 933.4875pt x 803.0pt>
File: Specifiche/Img/Component_Gestione_Turni.png Graphic file (type png)
 <use Specifiche/Img/Component_Gestione_Turni.png>
Package pdftex.def Info: Specifiche/Img/Component_Gestione_Turni.png used on input line 104.
(pdftex.def)             Requested size: 345.0pt x 296.77452pt.
 <Specifiche/Img/ClassDiagramGestioneTurni.png, id=1197, 1050.92625pt x 1312.905pt>
File: Specifiche/Img/ClassDiagramGestioneTurni.png Graphic file (type png)
 <use Specifiche/Img/ClassDiagramGestioneTurni.png>
Package pdftex.def Info: Specifiche/Img/ClassDiagramGestioneTurni.png used on input line 110.
(pdftex.def)             Requested size: 345.0pt x 430.99623pt.
 [55 <./Specifiche/Img/Component_Gestione_Turni.png (PNG copy)>]
Underfull \hbox (badness 10000) in paragraph at lines 114--115

 []


Underfull \hbox (badness 10000) in paragraph at lines 116--118

 []

[56 <./Specifiche/Img/ClassDiagramGestioneTurni.png (PNG copy)>] <Specifiche/Img/Component_Application_(Gestione_Turni).png, id=1211, 1003.75pt x 582.175pt>
File: Specifiche/Img/Component_Application_(Gestione_Turni).png Graphic file (type png)
 <use Specifiche/Img/Component_Application_(Gestione_Turni).png>
Package pdftex.def Info: Specifiche/Img/Component_Application_(Gestione_Turni).png used on input line 121.
(pdftex.def)             Requested size: 276.00105pt x 160.0764pt.
 <Specifiche/Img/ClassDiagramGestioneTurniData.png, id=1213, 854.19125pt x 1248.665pt>
File: Specifiche/Img/ClassDiagramGestioneTurniData.png Graphic file (type png)
 <use Specifiche/Img/ClassDiagramGestioneTurniData.png>
Package pdftex.def Info: Specifiche/Img/ClassDiagramGestioneTurniData.png used on input line 126.
(pdftex.def)             Requested size: 310.4979pt x 453.88222pt.

Underfull \vbox (badness 10000) has occurred while \output is active []

 [57 <./Specifiche/Img/Component_Application_(Gestione_Turni).png (PNG copy)>])) (./Iterazione2.tex [58 <./Specifiche/Img/ClassDiagramGestioneTurniData.png (PNG copy)>] [59

] [60] (./Fase2/Introduzione.tex
Capitolo 4.
[61

]) (./Fase2/CreazioneDB.tex [62]
Capitolo 5.

Underfull \hbox (badness 10000) in paragraph at lines 4--5

 []

(/usr/local/texlive/2017/texmf-dist/tex/latex/listings/lstlang1.sty
File: lstlang1.sty 2015/06/04 1.6 listings language file
) (./Fase2/src/CreazioneDB.sql [63

]
Underfull \vbox (badness 10000) has occurred while \output is active []

 [64])) (./Fase2/ParserXML.tex [65] [66

]
Capitolo 6.
(./Fase2/src/XSD.xsd) (./Fase2/src/Records.xml [67])
Underfull \hbox (badness 10000) in paragraph at lines 58--59

 []

(./Fase2/src/Query.sql) (/usr/local/texlive/2017/texmf-dist/tex/latex/listings/lstlang1.sty
File: lstlang1.sty 2015/06/04 1.6 listings language file
) (./Fase2/src/RecordParser.java [68]) (./Fase2/src/XMLHandler.java [69]) (./Fase2/src/XMLTag.java) (./Fase2/src/StartElement.java) [70] (./Fase2/src/Char.java) (./Fase2/src/EndElement.java) [71] (./Fase2/src/GetRecordList.java) <Fase2/img/EditOrari.png, id=1559, 766.865pt x 405.515pt>
File: Fase2/img/EditOrari.png Graphic file (type png)
 <use Fase2/img/EditOrari.png>
Package pdftex.def Info: Fase2/img/EditOrari.png used on input line 173.
(pdftex.def)             Requested size: 345.0pt x 182.43674pt.
 (./Fase2/src/action.java)) (./Fase2/Aggregazione.tex [72 <./Fase2/img/EditOrari.png>]
Capitolo 7.
(./Fase2/src/aggregazione) [73

]
Underfull \hbox (badness 10000) in paragraph at lines 47--48

 []

<Fase2/img/CreazioneRigheVuote.png, id=1596, 568.1225pt x 458.71375pt>
File: Fase2/img/CreazioneRigheVuote.png Graphic file (type png)
 <use Fase2/img/CreazioneRigheVuote.png>
Package pdftex.def Info: Fase2/img/CreazioneRigheVuote.png used on input line 52.
(pdftex.def)             Requested size: 310.4979pt x 250.71147pt.
 (./Fase2/src/vuote) [74 <./Fase2/img/CreazioneRigheVuote.png>]
Underfull \hbox (badness 10000) in paragraph at lines 97--99

 []

<Fase2/img/Posizionamento.png, id=1615, 842.14626pt x 1153.30875pt>
File: Fase2/img/Posizionamento.png Graphic file (type png)
 <use Fase2/img/Posizionamento.png>
Package pdftex.def Info: Fase2/img/Posizionamento.png used on input line 103.
(pdftex.def)             Requested size: 345.0pt x 472.47249pt.

Underfull \vbox (badness 10000) has occurred while \output is active []

 [75] (./Fase2/src/Posizionamento [76 <./Fase2/img/Posizionamento.png>])
Underfull \hbox (badness 10000) in paragraph at lines 156--157

 []

[77] <Fase2/img/Elaborazione.png, id=1667, 913.4125pt x 903.375pt>
File: Fase2/img/Elaborazione.png Graphic file (type png)
 <use Fase2/img/Elaborazione.png>
Package pdftex.def Info: Fase2/img/Elaborazione.png used on input line 162.
(pdftex.def)             Requested size: 345.0pt x 341.20462pt.
 (./Fase2/src/Elabora [78 <./Fase2/img/Elaborazione.png>])
Underfull \hbox (badness 10000) in paragraph at lines 198--199

 []

(./Fase2/src/Elimina) [79]) (./Fase2/Testing.tex [80]
Capitolo 8.
<Fase2/img/Stan4j.png, id=1716, 243.91125pt x 282.05376pt>
File: Fase2/img/Stan4j.png Graphic file (type png)
 <use Fase2/img/Stan4j.png>
Package pdftex.def Info: Fase2/img/Stan4j.png used on input line 6.
(pdftex.def)             Requested size: 137.9979pt x 159.58015pt.

Underfull \hbox (badness 10000) in paragraph at lines 9--10

 []

[81

 <./Fase2/img/Stan4j.png>] (./Fase2/src/DateValidatorTest.java
LaTeX Font Info:    Font shape `OMS/cmr/m/n' in size <8> not available
(Font)              Font shape `OMS/cmsy/m/n' tried instead on input line 3.
 [82]) <Fase2/img/EsitoDate.png, id=1747, 363.3575pt x 206.7725pt>
File: Fase2/img/EsitoDate.png Graphic file (type png)
 <use Fase2/img/EsitoDate.png>
Package pdftex.def Info: Fase2/img/EsitoDate.png used on input line 68.
(pdftex.def)             Requested size: 207.0021pt x 117.79843pt.
 [83] <Fase2/img/CoverageDate.png, id=1808, 751.80875pt x 87.82813pt>
File: Fase2/img/CoverageDate.png Graphic file (type png)
 <use Fase2/img/CoverageDate.png>
Package pdftex.def Info: Fase2/img/CoverageDate.png used on input line 69.
(pdftex.def)             Requested size: 345.0pt x 40.30492pt.
 (./Fase2/src/TimeValidatorTest.java [84 <./Fase2/img/EsitoDate.png> <./Fase2/img/CoverageDate.png>]) <Fase2/img/EsitoTime.png, id=1822, 360.34625pt x 169.63374pt>
File: Fase2/img/EsitoTime.png Graphic file (type png)
 <use Fase2/img/EsitoTime.png>
Package pdftex.def Info: Fase2/img/EsitoTime.png used on input line 98.
(pdftex.def)             Requested size: 207.0021pt x 97.44545pt.
 [85] <Fase2/img/CoverageTime.png, id=1886, 759.83875pt x 81.80562pt>
File: Fase2/img/CoverageTime.png Graphic file (type png)
 <use Fase2/img/CoverageTime.png>
Package pdftex.def Info: Fase2/img/CoverageTime.png used on input line 99.
(pdftex.def)             Requested size: 345.0pt x 37.14421pt.
 (./Fase2/src/CreaXML [86 <./Fase2/img/EsitoTime.png> <./Fase2/img/CoverageTime.png>]) (./Fase2/src/XMLTest.java [87]) <Fase2/img/EsitoXML.png, id=1957, 369.38pt x 115.43124pt>
File: Fase2/img/EsitoXML.png Graphic file (type png)
 <use Fase2/img/EsitoXML.png>
Package pdftex.def Info: Fase2/img/EsitoXML.png used on input line 133.
(pdftex.def)             Requested size: 207.0021pt x 64.6886pt.
 <Fase2/img/CoverageXML.png, id=1958, 767.86874pt x 137.01187pt>
File: Fase2/img/CoverageXML.png Graphic file (type png)
 <use Fase2/img/CoverageXML.png>
Package pdftex.def Info: Fase2/img/CoverageXML.png used on input line 134.
(pdftex.def)             Requested size: 345.0pt x 61.5586pt.
 (./Fase2/src/RecordAggregatorTest.java [88 <./Fase2/img/EsitoXML.png> <./Fase2/img/CoverageXML.png>]
Underfull \vbox (badness 10000) has occurred while \output is active []

 [89]) <Fase2/img/EsitoAggregator.png, id=2048, 501.875pt x 155.58125pt>
File: Fase2/img/EsitoAggregator.png Graphic file (type png)
 <use Fase2/img/EsitoAggregator.png>
Package pdftex.def Info: Fase2/img/EsitoAggregator.png used on input line 153.
(pdftex.def)             Requested size: 207.0021pt x 64.17093pt.
 <Fase2/img/CoverageAggregator.png, id=2049, 767.86874pt x 81.30376pt>
File: Fase2/img/CoverageAggregator.png Graphic file (type png)
 <use Fase2/img/CoverageAggregator.png>
Package pdftex.def Info: Fase2/img/CoverageAggregator.png used on input line 154.
(pdftex.def)             Requested size: 345.0pt x 36.52927pt.
 [90 <./Fase2/img/EsitoAggregator.png>])) (./Iterazione3.tex [91 <./Fase2/img/CoverageAggregator.png>] [92

] [93] [94] (./Fase3/Introduzione.tex
Capitolo 9.

Underfull \hbox (badness 10000) in paragraph at lines 26--28

 []

[95

] (./Fase3/src/AggiornamentoDB.sql)
Underfull \vbox (badness 2020) has occurred while \output is active []

 [96]) (./Fase3/ProgettazioneAlgo.tex [97] [98

]
Capitolo 10.

Underfull \hbox (badness 10000) in paragraph at lines 4--5

 []

[99]
Underfull \hbox (badness 10000) in paragraph at lines 63--64

 []

[100] (./Fase3/src/AlgoritmoGreedy [101]) [102] <Fase3/img/newFlowChartAlgoritmo.png, id=2237, 863.225pt x 1144.275pt>
File: Fase3/img/newFlowChartAlgoritmo.png Graphic file (type png)
 <use Fase3/img/newFlowChartAlgoritmo.png>
Package pdftex.def Info: Fase3/img/newFlowChartAlgoritmo.png used on input line 158.
(pdftex.def)             Requested size: 345.0pt x 457.31776pt.

Underfull \vbox (badness 7869) has occurred while \output is active []

 [103] <Fase3/img/ScheduleParziale.png, id=2250, 467.7475pt x 451.6875pt>
File: Fase3/img/ScheduleParziale.png Graphic file (type png)
 <use Fase3/img/ScheduleParziale.png>
Package pdftex.def Info: Fase3/img/ScheduleParziale.png used on input line 163.
(pdftex.def)             Requested size: 345.0pt x 333.16832pt.
 [104 <./Fase3/img/newFlowChartAlgoritmo.png (PNG copy)>] (./Fase3/src/Scheduler.java [105 <./Fase3/img/ScheduleParziale.png>]) (./Fase3/src/ImpossibleSchedulingException.java) (./Fase3/src/StaffScheduler.java [106]) [107]
Underfull \hbox (badness 10000) in paragraph at lines 212--214

 []

(./Fase3/src/ListIntersect.java) <Fase3/img/ErroreSchedulazione.png, id=2343, 649.42625pt x 168.63pt>
File: Fase3/img/ErroreSchedulazione.png Graphic file (type png)
 <use Fase3/img/ErroreSchedulazione.png>
Package pdftex.def Info: Fase3/img/ErroreSchedulazione.png used on input line 225.
(pdftex.def)             Requested size: 310.4979pt x 80.62498pt.
 [108] <Fase3/img/ScheduleParzialeSW.png, id=2370, 608.2725pt x 814.04124pt>
File: Fase3/img/ScheduleParzialeSW.png Graphic file (type png)
 <use Fase3/img/ScheduleParzialeSW.png>
Package pdftex.def Info: Fase3/img/ScheduleParzialeSW.png used on input line 228.
(pdftex.def)             Requested size: 310.4979pt x 415.54059pt.
) (./Fase3/Testing.tex [109 <./Fase3/img/ErroreSchedulazione.png> <./Fase3/img/ScheduleParzialeSW.png>] [110]
Capitolo 11.
<Fase3/img/Stan4j2.png, id=2384, 295.1025pt x 155.58125pt>
File: Fase3/img/Stan4j2.png Graphic file (type png)
 <use Fase3/img/Stan4j2.png>
Package pdftex.def Info: Fase3/img/Stan4j2.png used on input line 6.
(pdftex.def)             Requested size: 172.5pt x 90.94463pt.

Underfull \hbox (badness 10000) in paragraph at lines 6--8

 []

<Fase3/img/MVPGenerale.png, id=2387, 806.01125pt x 519.9425pt>
File: Fase3/img/MVPGenerale.png Graphic file (type png)
 <use Fase3/img/MVPGenerale.png>
Package pdftex.def Info: Fase3/img/MVPGenerale.png used on input line 11.
(pdftex.def)             Requested size: 276.00105pt x 178.03957pt.

Underfull \vbox (badness 10000) has occurred while \output is active []

 [111

 <./Fase3/img/Stan4j2.png>]
Underfull \hbox (badness 10000) in paragraph at lines 14--15

 []

[112 <./Fase3/img/MVPGenerale.png>] (./Fase3/src/ListIntersectTest.java [113]) <Fase3/img/EsitoInters.png, id=2458, 445.665pt x 136.51pt>
File: Fase3/img/EsitoInters.png Graphic file (type png)
 <use Fase3/img/EsitoInters.png>
Package pdftex.def Info: Fase3/img/EsitoInters.png used on input line 44.
(pdftex.def)             Requested size: 207.0021pt x 63.40567pt.
 <Fase3/img/CoperturaInters.png, id=2459, 990.70125pt x 80.80188pt>
File: Fase3/img/CoperturaInters.png Graphic file (type png)
 <use Fase3/img/CoperturaInters.png>
Package pdftex.def Info: Fase3/img/CoperturaInters.png used on input line 45.
(pdftex.def)             Requested size: 345.0pt x 28.13805pt.
 [114 <./Fase3/img/EsitoInters.png> <./Fase3/img/CoperturaInters.png>] (./Fase3/src/StaffSchedulerTest.java [115]) <Fase3/img/EsitoSchedule.png, id=2543, 444.66125pt x 117.43875pt>
File: Fase3/img/EsitoSchedule.png Graphic file (type png)
 <use Fase3/img/EsitoSchedule.png>
Package pdftex.def Info: Fase3/img/EsitoSchedule.png used on input line 75.
(pdftex.def)             Requested size: 207.0021pt x 54.67116pt.
 <Fase3/img/CoperturaSchedule.png, id=2544, 923.45pt x 63.23625pt>
File: Fase3/img/CoperturaSchedule.png Graphic file (type png)
 <use Fase3/img/CoperturaSchedule.png>
Package pdftex.def Info: Fase3/img/CoperturaSchedule.png used on input line 76.
(pdftex.def)             Requested size: 345.0pt x 23.62476pt.
)) [116 <./Fase3/img/EsitoSchedule.png> <./Fase3/img/CoperturaSchedule.png>] (/Users/andrea/Documents/GitHub/Progetto_Info_3B/Documentazione/.texpadtmp/Documentazione.lof [117

])
\tf@lof=\write5
\openout5 = `Documentazione.lof'.

 [118] (/Users/andrea/Documents/GitHub/Progetto_Info_3B/Documentazione/.texpadtmp/Documentazione.lot)
\tf@lot=\write6
\openout6 = `Documentazione.lot'.

Package atveryend Info: Empty hook `BeforeClearDocument' on input line 64.
 [119

]
Package atveryend Info: Empty hook `AfterLastShipout' on input line 64.
 (/Users/andrea/Documents/GitHub/Progetto_Info_3B/Documentazione/.texpadtmp/Documentazione.aux)
Package atveryend Info: Executing hook `AtVeryEndDocument' on input line 64.
Package atveryend Info: Executing hook `AtEndAfterFileList' on input line 64.
Package rerunfilecheck Info: File `Documentazione.out' has not changed.
(rerunfilecheck)             Checksum: <no file>.


LaTeX Warning: There were multiply-defined labels.

 ) 
Here is how much of TeX's memory you used:
 28759 strings out of 492995
 498432 string characters out of 6132703
 1112664 words of memory out of 5000000
 29939 multiletter control sequences out of 15000+600000
 31651 words of font info for 138 fonts, out of 8000000 for 9000
 1141 hyphenation exceptions out of 8191
 43i,12n,49p,10425b,2521s stack positions out of 5000i,500n,10000p,200000b,80000s
{/usr/local/texlive/2017/texmf-dist/fonts/enc/dvips/cm-super/cm-super-t1.enc}</usr/local/texlive/2017/texmf-dist/fonts/type1/public/amsfonts/cm/cmex10.pfb></usr/local/texlive/2017/texmf-dist/fonts/type1/public/amsfonts/cm/cmmi10.pfb></usr/local/texlive/2017/texmf-dist/fonts/type1/public/amsfonts/cm/cmmi7.pfb></usr/local/texlive/2017/texmf-dist/fonts/type1/public/amsfonts/cm/cmr10.pfb></usr/local/texlive/2017/texmf-dist/fonts/type1/public/amsfonts/cm/cmr7.pfb></usr/local/texlive/2017/texmf-dist/fonts/type1/public/amsfonts/cm/cmsy10.pfb></usr/local/texlive/2017/texmf-dist/fonts/type1/public/amsfonts/cm/cmsy7.pfb></usr/local/texlive/2017/texmf-dist/fonts/type1/public/amsfonts/cm/cmsy8.pfb></usr/local/texlive/2017/texmf-dist/fonts/type1/public/cm-super/sfbx0800.pfb></usr/local/texlive/2017/texmf-dist/fonts/type1/public/cm-super/sfbx1000.pfb></usr/local/texlive/2017/texmf-dist/fonts/type1/public/cm-super/sfbx1200.pfb></usr/local/texlive/2017/texmf-dist/fonts/type1/public/cm-super/sfbx1440.pfb></usr/local/texlive/2017/texmf-dist/fonts/type1/public/cm-super/sfbx1728.pfb></usr/local/texlive/2017/texmf-dist/fonts/type1/public/cm-super/sfbx2074.pfb></usr/local/texlive/2017/texmf-dist/fonts/type1/public/cm-super/sfbx2488.pfb></usr/local/texlive/2017/texmf-dist/fonts/type1/public/cm-super/sfcc2074.pfb></usr/local/texlive/2017/texmf-dist/fonts/type1/public/cm-super/sfcc2488.pfb></usr/local/texlive/2017/texmf-dist/fonts/type1/public/cm-super/sfrm0500.pfb></usr/local/texlive/2017/texmf-dist/fonts/type1/public/cm-super/sfrm0800.pfb></usr/local/texlive/2017/texmf-dist/fonts/type1/public/cm-super/sfrm1000.pfb></usr/local/texlive/2017/texmf-dist/fonts/type1/public/cm-super/sfrm1200.pfb></usr/local/texlive/2017/texmf-dist/fonts/type1/public/cm-super/sfrm1440.pfb></usr/local/texlive/2017/texmf-dist/fonts/type1/public/cm-super/sfti1000.pfb></usr/local/texlive/2017/texmf-dist/fonts/type1/public/cm-super/sftt1000.pfb>
Output written on /Users/andrea/Documents/GitHub/Progetto_Info_3B/Documentazione/.texpadtmp/Documentazione.pdf (119 pages, 3339600 bytes).
PDF statistics:
 3060 PDF objects out of 3580 (max. 8388607)
 2823 compressed objects within 29 object streams
 1641 named destinations out of 1728 (max. 500000)
 33743 words of extra memory for PDF output out of 35830 (max. 10000000)

