\BOOKMARK [-1][-]{part.1}{I Fase 0 - Fase 1}{}% 1
\BOOKMARK [0][-]{chapter.1}{Requisiti}{part.1}% 2
\BOOKMARK [1][-]{section.1.1}{Introduzione}{chapter.1}% 3
\BOOKMARK [1][-]{section.1.2}{Esempio di file .XML}{chapter.1}% 4
\BOOKMARK [1][-]{section.1.3}{Tool chain}{chapter.1}% 5
\BOOKMARK [0][-]{chapter.2}{Specifiche}{part.1}% 6
\BOOKMARK [1][-]{section.2.1}{Introduzione}{chapter.2}% 7
\BOOKMARK [1][-]{section.2.2}{Funzionalit\340 richieste}{chapter.2}% 8
\BOOKMARK [2][-]{subsection.2.2.1}{Gestione dipendenti}{section.2.2}% 9
\BOOKMARK [2][-]{subsection.2.2.2}{Gestione dati base dell'azienda}{section.2.2}% 10
\BOOKMARK [2][-]{subsection.2.2.3}{Gestione turni dipendenti}{section.2.2}% 11
\BOOKMARK [2][-]{subsection.2.2.4}{Gestione file XML}{section.2.2}% 12
\BOOKMARK [2][-]{subsection.2.2.5}{Gestione orari}{section.2.2}% 13
\BOOKMARK [1][-]{section.2.3}{Analisi casi d'uso}{chapter.2}% 14
\BOOKMARK [2][-]{subsection.2.3.1}{UC1: Inserimento dipendente}{section.2.3}% 15
\BOOKMARK [2][-]{subsection.2.3.2}{UC2: Cancellazione dipendente}{section.2.3}% 16
\BOOKMARK [2][-]{subsection.2.3.3}{UC3: Modifica dipendente}{section.2.3}% 17
\BOOKMARK [2][-]{subsection.2.3.4}{UC4: Inserimento nuova attivit\340}{section.2.3}% 18
\BOOKMARK [2][-]{subsection.2.3.5}{UC5: Cancellazione di una attivit\340}{section.2.3}% 19
\BOOKMARK [2][-]{subsection.2.3.6}{UC6: Modifica di una attivit\340}{section.2.3}% 20
\BOOKMARK [2][-]{subsection.2.3.7}{UC7. Allocazione dipendenti per ogni attivit\340}{section.2.3}% 21
\BOOKMARK [2][-]{subsection.2.3.8}{UC8: Generazione turnazione settimanale}{section.2.3}% 22
\BOOKMARK [2][-]{subsection.2.3.9}{UC9: Visualizzazione turnazione settimanale}{section.2.3}% 23
\BOOKMARK [2][-]{subsection.2.3.10}{UC10: Visualizzazione turnazione giornaliera}{section.2.3}% 24
\BOOKMARK [2][-]{subsection.2.3.11}{UC11: Cambio turno dipendente}{section.2.3}% 25
\BOOKMARK [2][-]{subsection.2.3.12}{UC12: Gestione dei dati provenienti dalla timbratrice}{section.2.3}% 26
\BOOKMARK [2][-]{subsection.2.3.13}{UC13: Gestione straordinari}{section.2.3}% 27
\BOOKMARK [2][-]{subsection.2.3.14}{UC14: Gestione giorni di malattia/ferie}{section.2.3}% 28
\BOOKMARK [2][-]{subsection.2.3.15}{UC15: Visualizzazione e calcolo giornaliero ore di lavoro}{section.2.3}% 29
\BOOKMARK [2][-]{subsection.2.3.16}{UC16: Visualizzazione e calcolo mensile ore di lavoro}{section.2.3}% 30
\BOOKMARK [2][-]{subsection.2.3.17}{UC17: Applicazione incremento percentuale straordinari}{section.2.3}% 31
\BOOKMARK [2][-]{subsection.2.3.18}{UC18: Calcolo stipendio}{section.2.3}% 32
\BOOKMARK [2][-]{subsection.2.3.19}{UC19: Generazione report dipendente}{section.2.3}% 33
\BOOKMARK [2][-]{subsection.2.3.20}{UC20: Prenotazione per straordinari}{section.2.3}% 34
\BOOKMARK [2][-]{subsection.2.3.21}{UC21: Verifica copertura turni assegnati}{section.2.3}% 35
\BOOKMARK [1][-]{section.2.4}{Use case diagram}{chapter.2}% 36
\BOOKMARK [0][-]{chapter.3}{Architettura}{part.1}% 37
\BOOKMARK [1][-]{section.3.1}{Deployment diagram}{chapter.3}% 38
\BOOKMARK [2][-]{subsection.3.1.1}{Architettura hardware}{section.3.1}% 39
\BOOKMARK [2][-]{subsection.3.1.2}{Architettura software}{section.3.1}% 40
\BOOKMARK [2][-]{subsection.3.1.3}{Analisi dei componenti}{section.3.1}% 41
\BOOKMARK [-1][-]{part.2}{II Fase 2}{}% 42
\BOOKMARK [0][-]{chapter.4}{Introduzione}{part.2}% 43
\BOOKMARK [1][-]{section.4.1}{Scelta della funzione da implementare}{chapter.4}% 44
\BOOKMARK [1][-]{section.4.2}{Passi principali della funzionalit\340}{chapter.4}% 45
\BOOKMARK [0][-]{chapter.5}{Creazione del Database}{part.2}% 46
\BOOKMARK [1][-]{section.5.1}{Creazione del DB}{chapter.5}% 47
\BOOKMARK [0][-]{chapter.6}{Parser XML ed inserimento dati grezzi in DB}{part.2}% 48
\BOOKMARK [1][-]{section.6.1}{Formato file XML}{chapter.6}% 49
\BOOKMARK [1][-]{section.6.2}{Set-up preventivo}{chapter.6}% 50
\BOOKMARK [1][-]{section.6.3}{Implementazione del parser}{chapter.6}% 51
\BOOKMARK [1][-]{section.6.4}{Funzionamento della classe XMLHandler}{chapter.6}% 52
\BOOKMARK [2][-]{subsection.6.4.1}{Identificazione dei tag}{section.6.4}% 53
\BOOKMARK [2][-]{subsection.6.4.2}{Selezione del contenuto del tag}{section.6.4}% 54
\BOOKMARK [2][-]{subsection.6.4.3}{Chiusura del tag}{section.6.4}% 55
\BOOKMARK [2][-]{subsection.6.4.4}{Risultato del Parsing}{section.6.4}% 56
\BOOKMARK [1][-]{section.6.5}{Inserimento dei dati grezzi nel database}{chapter.6}% 57
\BOOKMARK [0][-]{chapter.7}{Aggregazione degli orari}{part.2}% 58
\BOOKMARK [1][-]{section.7.1}{Introduzione}{chapter.7}% 59
\BOOKMARK [1][-]{section.7.2}{Funzione di aggregazione}{chapter.7}% 60
\BOOKMARK [2][-]{subsection.7.2.1}{Funzione di creazione delle righe vuote}{section.7.2}% 61
\BOOKMARK [2][-]{subsection.7.2.2}{Funzione di posizionamento degli orari}{section.7.2}% 62
\BOOKMARK [2][-]{subsection.7.2.3}{Funzione di elaborazione degli orari}{section.7.2}% 63
\BOOKMARK [2][-]{subsection.7.2.4}{Funzione di eliminazione dei dati grezzi}{section.7.2}% 64
\BOOKMARK [2][-]{subsection.7.2.5}{Analisi della complessit\340 generale}{section.7.2}% 65
\BOOKMARK [0][-]{chapter.8}{Test ed analisi del componente implementato}{part.2}% 66
\BOOKMARK [1][-]{section.8.1}{Analisi statica}{chapter.8}% 67
\BOOKMARK [1][-]{section.8.2}{Analisi dinamica - testing}{chapter.8}% 68
\BOOKMARK [2][-]{subsection.8.2.1}{Test della classe DateValidator}{section.8.2}% 69
\BOOKMARK [2][-]{subsection.8.2.2}{Test della classe TimeValidator}{section.8.2}% 70
\BOOKMARK [2][-]{subsection.8.2.3}{Test della funzionalit\340 di parsing del file XML}{section.8.2}% 71
\BOOKMARK [2][-]{subsection.8.2.4}{Test della classe RecordAggregator}{section.8.2}% 72
\BOOKMARK [-1][-]{part.3}{III Fase 3}{}% 73
\BOOKMARK [0][-]{chapter.9}{Introduzione}{part.3}% 74
\BOOKMARK [1][-]{section.9.1}{Scelta della funzione da implementare}{chapter.9}% 75
\BOOKMARK [1][-]{section.9.2}{Aggiornamento dei dati nel database}{chapter.9}% 76
\BOOKMARK [0][-]{chapter.10}{Progettazione algoritmo}{part.3}% 77
\BOOKMARK [1][-]{section.10.1}{Modello del problema}{chapter.10}% 78
\BOOKMARK [2][-]{subsection.10.1.1}{Indici utilizzati}{section.10.1}% 79
\BOOKMARK [2][-]{subsection.10.1.2}{Variabili decisionali}{section.10.1}% 80
\BOOKMARK [2][-]{subsection.10.1.3}{Variabili considerate}{section.10.1}% 81
\BOOKMARK [2][-]{subsection.10.1.4}{Vincoli}{section.10.1}% 82
\BOOKMARK [2][-]{subsection.10.1.5}{Funzione obbiettivo}{section.10.1}% 83
\BOOKMARK [1][-]{section.10.2}{Algoritmo greedy per la risoluzione}{chapter.10}% 84
\BOOKMARK [2][-]{subsection.10.2.1}{Pseudocodice dell'algoritmo}{section.10.2}% 85
\BOOKMARK [2][-]{subsection.10.2.2}{Analisi della complessit\340 dell'algoritmo}{section.10.2}% 86
\BOOKMARK [2][-]{subsection.10.2.3}{Flow-chart dell'algoritmo}{section.10.2}% 87
\BOOKMARK [2][-]{subsection.10.2.4}{Risultato atteso}{section.10.2}% 88
\BOOKMARK [1][-]{section.10.3}{Implementazione dell'algoritmo}{chapter.10}% 89
\BOOKMARK [2][-]{subsection.10.3.1}{Interfaccia Scheduler}{section.10.3}% 90
\BOOKMARK [2][-]{subsection.10.3.2}{Classe StaffScheduler}{section.10.3}% 91
\BOOKMARK [2][-]{subsection.10.3.3}{Classe ListIntersect<T>}{section.10.3}% 92
\BOOKMARK [1][-]{section.10.4}{Risultato ottenuto}{chapter.10}% 93
\BOOKMARK [0][-]{chapter.11}{Test ed analisi del componente implementato}{part.3}% 94
\BOOKMARK [1][-]{section.11.1}{Analisi statica}{chapter.11}% 95
\BOOKMARK [1][-]{section.11.2}{Analisi dinamica - testing}{chapter.11}% 96
\BOOKMARK [2][-]{subsection.11.2.1}{Test della classe ListIntersect}{section.11.2}% 97
\BOOKMARK [2][-]{subsection.11.2.2}{Test della classe StaffScheduler}{section.11.2}% 98
